<?xml version='1.0' encoding='UTF-8' ?>
<testsuite name="kdk.android.simplydo.test" tests="30" failures="10" errors="0" skipped="0" time="62.086" timestamp="2019-07-22T15:01:01" hostname="localhost">
  <properties />
  <testcase name="addItemC2" classname="kdk.android.simplydo.C2.AddItemC2" time="1.265">
    <failure>android.support.test.espresso.AmbiguousViewMatcherException: '(with class name: is "android.widget.LinearLayout" and is displayed on the screen to the user)' matches multiple views in the hierarchy.
Problem views are marked with '****MATCHES****' below.

View Hierarchy:
+&gt;DecorView{id=-1, visibility=VISIBLE, width=720, height=1280, has-focus=true, has-focusable=true, has-window-focus=true, is-clickable=false, is-enabled=true, is-focused=false, is-focusable=false, is-layout-requested=false, is-selected=false, layout-params=WM.LayoutParams{(0,0)(fillxfill) sim=#3 ty=1 fl=#81810100 wanim=0x1030383 needsMenuKey=2}, tag=null, root-is-layout-requested=false, has-input-connection=false, x=0.0, y=0.0, child-count=3}
|
+-&gt;ActionBarOverlayLayout{id=16909230, res-name=decor_content_parent, visibility=VISIBLE, width=720, height=1208, has-focus=true, has-focusable=true, has-window-focus=true, is-clickable=false, is-enabled=true, is-focused=false, is-focusable=false, is-layout-requested=false, is-selected=false, layout-params=android.widget.FrameLayout$LayoutParams&#64;6c751ad, tag=null, root-is-layout-requested=false, has-input-connection=false, x=0.0, y=0.0, child-count=2}
|
+--&gt;FrameLayout{id=16908290, res-name=content, visibility=VISIBLE, width=720, height=1088, has-focus=true, has-focusable=true, has-window-focus=true, is-clickable=false, is-enabled=true, is-focused=false, is-focusable=false, is-layout-requested=false, is-selected=false, layout-params=com.android.internal.widget.ActionBarOverlayLayout$LayoutParams&#64;68eace2, tag=null, root-is-layout-requested=false, has-input-connection=false, x=0.0, y=120.0, child-count=1}
|
+---&gt;LinearLayout{id=-1, visibility=VISIBLE, width=720, height=1088, has-focus=true, has-focusable=true, has-window-focus=true, is-clickable=false, is-enabled=true, is-focused=false, is-focusable=false, is-layout-requested=false, is-selected=false, layout-params=android.widget.FrameLayout$LayoutParams&#64;364f330, tag=null, root-is-layout-requested=false, has-input-connection=false, x=0.0, y=0.0, child-count=1} ****MATCHES****
|
+----&gt;ViewSwitcher{id=2130903049, res-name=ListsItemsSwitcher, visibility=VISIBLE, width=720, height=146, has-focus=true, has-focusable=true, has-window-focus=true, is-clickable=false, is-enabled=true, is-focused=false, is-focusable=false, is-layout-requested=false, is-selected=false, layout-params=android.widget.LinearLayout$LayoutParams&#64;6eeb52e, tag=null, root-is-layout-requested=false, has-input-connection=false, x=0.0, y=0.0, child-count=2}
|
+-----&gt;LinearLayout{id=2130903059, res-name=listsView, visibility=VISIBLE, width=720, height=146, has-focus=true, has-focusable=true, has-window-focus=true, is-clickable=false, is-enabled=true, is-focused=false, is-focusable=false, is-layout-requested=false, is-selected=false, layout-params=android.widget.FrameLayout$LayoutParams&#64;7de125c, tag=null, root-is-layout-requested=false, has-input-connection=false, x=0.0, y=0.0, child-count=2} ****MATCHES****
|
+------&gt;LinearLayout{id=2130903048, res-name=LinearLayout01, visibility=VISIBLE, width=720, height=72, has-focus=true, has-focusable=true, has-window-focus=true, is-clickable=false, is-enabled=true, is-focused=false, is-focusable=false, is-layout-requested=false, is-selected=false, layout-params=android.widget.LinearLayout$LayoutParams&#64;36eb2eb, tag=null, root-is-layout-requested=false, has-input-connection=false, x=0.0, y=0.0, child-count=2} ****MATCHES****
|
+-------&gt;EditText{id=2130903043, res-name=AddListEditText, desc=addlistedittext, visibility=VISIBLE, width=588, height=72, has-focus=true, has-focusable=true, has-window-focus=true, is-clickable=true, is-enabled=true, is-focused=true, is-focusable=true, is-layout-requested=false, is-selected=false, layout-params=android.widget.LinearLayout$LayoutParams&#64;29ad6e1, tag=null, root-is-layout-requested=false, has-input-connection=true, editor-info=[inputType=0x31 imeOptions=0x8000006 privateImeOptions=null actionLabel=null actionId=0 initialSelStart=0 initialSelEnd=0 initialCapsMode=0x0 hintText=New List Name label=null packageName=null fieldId=0 fieldName=null extras=null ], x=0.0, y=0.0, text=, hint=New List Name, input-type=49, ime-target=true, has-links=false}
|
+-------&gt;Button{id=2130903042, res-name=AddListButton, desc=Add, visibility=VISIBLE, width=132, height=72, has-focus=false, has-focusable=true, has-window-focus=true, is-clickable=true, is-enabled=true, is-focused=false, is-focusable=true, is-layout-requested=false, is-selected=false, layout-params=android.widget.LinearLayout$LayoutParams&#64;c6c3c06, tag=null, root-is-layout-requested=false, has-input-connection=false, x=588.0, y=0.0, text=Add, input-type=0, ime-target=false, has-links=false}
|
+------&gt;ListView{id=2130903050, res-name=ListsListView, visibility=VISIBLE, width=720, height=74, has-focus=false, has-focusable=true, has-window-focus=true, is-clickable=true, is-enabled=true, is-focused=false, is-focusable=true, is-layout-requested=false, is-selected=false, layout-params=android.widget.LinearLayout$LayoutParams&#64;70392c7, tag=null, root-is-layout-requested=false, has-input-connection=false, x=0.0, y=72.0, child-count=1}
|
+-------&gt;LinearLayout{id=-1, visibility=VISIBLE, width=720, height=74, has-focus=false, has-focusable=false, has-window-focus=true, is-clickable=false, is-enabled=true, is-focused=false, is-focusable=false, is-layout-requested=false, is-selected=false, layout-params=android.widget.AbsListView$LayoutParams&#64;7801292, tag=null, root-is-layout-requested=false, has-input-connection=false, x=0.0, y=0.0, child-count=2} ****MATCHES****
|
+--------&gt;TextView{id=2130903060, res-name=text1, desc=Name, visibility=VISIBLE, width=643, height=44, has-focus=false, has-focusable=false, has-window-focus=true, is-clickable=false, is-enabled=true, is-focused=false, is-focusable=false, is-layout-requested=false, is-selected=false, layout-params=android.widget.LinearLayout$LayoutParams&#64;61c9463, tag=null, root-is-layout-requested=false, has-input-connection=false, x=15.0, y=15.0, text=List, input-type=0, ime-target=false, has-links=false}
|
+--------&gt;TextView{id=2130903061, res-name=text2, desc=text2, visibility=VISIBLE, width=62, height=37, has-focus=false, has-focusable=false, has-window-focus=true, is-clickable=false, is-enabled=true, is-focused=false, is-focusable=false, is-layout-requested=false, is-selected=false, layout-params=android.widget.LinearLayout$LayoutParams&#64;6f38860, tag=null, root-is-layout-requested=false, has-input-connection=false, x=658.0, y=19.0, text=(0/0), input-type=0, ime-target=false, has-links=false}
|
+-----&gt;LinearLayout{id=2130903057, res-name=itemsView, visibility=GONE, width=0, height=0, has-focus=false, has-focusable=false, has-window-focus=true, is-clickable=false, is-enabled=true, is-focused=false, is-focusable=false, is-layout-requested=true, is-selected=false, layout-params=android.widget.FrameLayout$LayoutParams&#64;3a13bf, tag=null, root-is-layout-requested=false, has-input-connection=false, x=0.0, y=0.0, child-count=2}
|
+------&gt;LinearLayout{id=2130903048, res-name=LinearLayout01, visibility=VISIBLE, width=0, height=0, has-focus=false, has-focusable=true, has-window-focus=true, is-clickable=false, is-enabled=true, is-focused=false, is-focusable=false, is-layout-requested=true, is-selected=false, layout-params=android.widget.LinearLayout$LayoutParams&#64;ad761ea, tag=null, root-is-layout-requested=false, has-input-connection=false, x=0.0, y=0.0, child-count=2}
|
+-------&gt;EditText{id=2130903041, res-name=AddItemEditText, desc=addItemEditText, visibility=VISIBLE, width=0, height=0, has-focus=false, has-focusable=true, has-window-focus=true, is-clickable=true, is-enabled=true, is-focused=false, is-focusable=true, is-layout-requested=true, is-selected=false, layout-params=android.widget.LinearLayout$LayoutParams&#64;2862cdb, tag=null, root-is-layout-requested=false, has-input-connection=true, editor-info=[inputType=0x31 imeOptions=0x8000006 privateImeOptions=null actionLabel=null actionId=0 initialSelStart=0 initialSelEnd=0 initialCapsMode=0x0 hintText=New Item Name label=null packageName=null fieldId=0 fieldName=null extras=null ], x=0.0, y=0.0, text=, hint=New Item Name, input-type=49, ime-target=false, has-links=false}
|
+-------&gt;Button{id=2130903040, res-name=AddItemButton, desc=Add, visibility=VISIBLE, width=0, height=0, has-focus=false, has-focusable=true, has-window-focus=true, is-clickable=true, is-enabled=true, is-focused=false, is-focusable=true, is-layout-requested=true, is-selected=false, layout-params=android.widget.LinearLayout$LayoutParams&#64;12e0378, tag=null, root-is-layout-requested=false, has-input-connection=false, x=0.0, y=0.0, text=Add, input-type=0, ime-target=false, has-links=false}
|
+------&gt;ListView{id=2130903047, res-name=ItemsListView, visibility=VISIBLE, width=0, height=0, has-focus=false, has-focusable=false, has-window-focus=true, is-clickable=true, is-enabled=true, is-focused=false, is-focusable=false, is-layout-requested=true, is-selected=false, layout-params=android.widget.LinearLayout$LayoutParams&#64;c763a51, tag=null, root-is-layout-requested=false, has-input-connection=false, x=0.0, y=0.0, child-count=0}
|
+--&gt;ActionBarContainer{id=16909231, res-name=action_bar_container, visibility=VISIBLE, width=720, height=84, has-focus=false, has-focusable=false, has-window-focus=true, is-clickable=false, is-enabled=true, is-focused=false, is-focusable=false, is-layout-requested=false, is-selected=false, layout-params=com.android.internal.widget.ActionBarOverlayLayout$LayoutParams&#64;2fbdf24, tag=null, root-is-layout-requested=false, has-input-connection=false, x=0.0, y=36.0, child-count=2}
|
+---&gt;Toolbar{id=16909232, res-name=action_bar, visibility=VISIBLE, width=720, height=84, has-focus=false, has-focusable=false, has-window-focus=true, is-clickable=false, is-enabled=true, is-focused=false, is-focusable=false, is-layout-requested=false, is-selected=false, layout-params=android.widget.FrameLayout$LayoutParams&#64;f8b5c53, tag=null, root-is-layout-requested=false, has-input-connection=false, x=0.0, y=0.0, child-count=2}
|
+----&gt;TextView{id=-1, visibility=VISIBLE, width=136, height=41, has-focus=false, has-focusable=false, has-window-focus=true, is-clickable=false, is-enabled=true, is-focused=false, is-focusable=false, is-layout-requested=false, is-selected=false, layout-params=android.widget.Toolbar$LayoutParams&#64;fa9c990, tag=null, root-is-layout-requested=false, has-input-connection=false, x=24.0, y=21.0, text=Simply Do, input-type=0, ime-target=false, has-links=false}
|
+----&gt;ActionMenuView{id=-1, visibility=VISIBLE, width=60, height=84, has-focus=false, has-focusable=false, has-window-focus=true, is-clickable=false, is-enabled=true, is-focused=false, is-focusable=false, is-layout-requested=false, is-selected=false, layout-params=android.widget.Toolbar$LayoutParams&#64;e0628e, tag=null, root-is-layout-requested=false, has-input-connection=false, x=660.0, y=0.0, child-count=1}
|
+-----&gt;OverflowMenuButton{id=-1, desc=More options, visibility=VISIBLE, width=60, height=72, has-focus=false, has-focusable=false, has-window-focus=true, is-clickable=true, is-enabled=true, is-focused=false, is-focusable=true, is-layout-requested=false, is-selected=false, layout-params=android.widget.ActionMenuView$LayoutParams&#64;5656aaf, tag=null, root-is-layout-requested=false, has-input-connection=false, x=0.0, y=6.0}
|
+---&gt;ActionBarContextView{id=16909233, res-name=action_context_bar, visibility=GONE, width=0, height=0, has-focus=false, has-focusable=false, has-window-focus=true, is-clickable=false, is-enabled=true, is-focused=false, is-focusable=false, is-layout-requested=true, is-selected=false, layout-params=android.widget.FrameLayout$LayoutParams&#64;509eebc, tag=null, root-is-layout-requested=false, has-input-connection=false, x=0.0, y=0.0, child-count=0}
|
+-&gt;View{id=16908336, res-name=navigationBarBackground, visibility=VISIBLE, width=720, height=72, has-focus=false, has-focusable=false, has-window-focus=true, is-clickable=false, is-enabled=true, is-focused=false, is-focusable=false, is-layout-requested=false, is-selected=false, layout-params=android.widget.FrameLayout$LayoutParams&#64;d601e45, tag=null, root-is-layout-requested=false, has-input-connection=false, x=0.0, y=1208.0}
|
+-&gt;View{id=16908335, res-name=statusBarBackground, visibility=VISIBLE, width=720, height=36, has-focus=false, has-focusable=false, has-window-focus=true, is-clickable=false, is-enabled=true, is-focused=false, is-focusable=false, is-layout-requested=false, is-selected=false, layout-params=android.widget.FrameLayout$LayoutParams&#64;984199a, tag=null, root-is-layout-requested=false, has-input-connection=false, x=0.0, y=0.0}
|
at dalvik.system.VMStack.getThreadStackTrace(Native Method)
at java.lang.Thread.getStackTrace(Thread.java:580)
at android.support.test.espresso.base.DefaultFailureHandler.getUserFriendlyError(DefaultFailureHandler.java:88)
at android.support.test.espresso.base.DefaultFailureHandler.handle(DefaultFailureHandler.java:51)
at android.support.test.espresso.ViewInteraction.waitForAndHandleInteractionResults(ViewInteraction.java:312)
at android.support.test.espresso.ViewInteraction.desugaredPerform(ViewInteraction.java:173)
at android.support.test.espresso.ViewInteraction.perform(ViewInteraction.java:114)
at kdk.android.simplydo.C2.AddItemC2.addItemC2(AddItemC2.java:48)
at java.lang.reflect.Method.invoke(Native Method)
at org.junit.runners.model.FrameworkMethod$1.runReflectiveCall(FrameworkMethod.java:50)
at org.junit.internal.runners.model.ReflectiveCallable.run(ReflectiveCallable.java:12)
at org.junit.runners.model.FrameworkMethod.invokeExplosively(FrameworkMethod.java:47)
at org.junit.internal.runners.statements.InvokeMethod.evaluate(InvokeMethod.java:17)
at android.support.test.rule.ActivityTestRule$ActivityStatement.evaluate(ActivityTestRule.java:527)
at org.junit.rules.RunRules.evaluate(RunRules.java:20)
at org.junit.runners.ParentRunner.runLeaf(ParentRunner.java:325)
at org.junit.runners.BlockJUnit4ClassRunner.runChild(BlockJUnit4ClassRunner.java:78)
at org.junit.runners.BlockJUnit4ClassRunner.runChild(BlockJUnit4ClassRunner.java:57)
at org.junit.runners.ParentRunner$3.run(ParentRunner.java:290)
at org.junit.runners.ParentRunner$1.schedule(ParentRunner.java:71)
at org.junit.runners.ParentRunner.runChildren(ParentRunner.java:288)
at org.junit.runners.ParentRunner.access$000(ParentRunner.java:58)
at org.junit.runners.ParentRunner$2.evaluate(ParentRunner.java:268)
at org.junit.runners.ParentRunner.run(ParentRunner.java:363)
at android.support.test.runner.AndroidJUnit4.run(AndroidJUnit4.java:101)
at org.junit.runners.Suite.runChild(Suite.java:128)
at org.junit.runners.Suite.runChild(Suite.java:27)
at org.junit.runners.ParentRunner$3.run(ParentRunner.java:290)
at org.junit.runners.ParentRunner$1.schedule(ParentRunner.java:71)
at org.junit.runners.ParentRunner.runChildren(ParentRunner.java:288)
at org.junit.runners.ParentRunner.access$000(ParentRunner.java:58)
at org.junit.runners.ParentRunner$2.evaluate(ParentRunner.java:268)
at org.junit.runners.ParentRunner.run(ParentRunner.java:363)
at org.junit.runner.JUnitCore.run(JUnitCore.java:137)
at org.junit.runner.JUnitCore.run(JUnitCore.java:115)
at android.support.test.internal.runner.TestExecutor.execute(TestExecutor.java:56)
at android.support.test.runner.AndroidJUnitRunner.onStart(AndroidJUnitRunner.java:384)
at android.app.Instrumentation$InstrumentationThread.run(Instrumentation.java:1879)
</failure>
  </testcase>
  <testcase name="changeSettingsC2" classname="kdk.android.simplydo.C2.ChangeSettingsC2" time="2.092">
    <failure>android.support.test.espresso.AmbiguousViewMatcherException: '(with class name: is "android.widget.LinearLayout" and is displayed on the screen to the user)' matches multiple views in the hierarchy.
Problem views are marked with '****MATCHES****' below.

View Hierarchy:
+&gt;DecorView{id=-1, visibility=VISIBLE, width=720, height=1280, has-focus=true, has-focusable=true, has-window-focus=true, is-clickable=false, is-enabled=true, is-focused=false, is-focusable=false, is-layout-requested=false, is-selected=false, layout-params=WM.LayoutParams{(0,0)(fillxfill) ty=1 fl=#81810100 wanim=0x1030383 needsMenuKey=2}, tag=null, root-is-layout-requested=false, has-input-connection=false, x=0.0, y=0.0, child-count=3}
|
+-&gt;ActionBarOverlayLayout{id=16909230, res-name=decor_content_parent, visibility=VISIBLE, width=720, height=1208, has-focus=true, has-focusable=true, has-window-focus=true, is-clickable=false, is-enabled=true, is-focused=false, is-focusable=false, is-layout-requested=false, is-selected=false, layout-params=android.widget.FrameLayout$LayoutParams&#64;eb87d14, tag=null, root-is-layout-requested=false, has-input-connection=false, x=0.0, y=0.0, child-count=2}
|
+--&gt;FrameLayout{id=16908290, res-name=content, visibility=VISIBLE, width=720, height=1088, has-focus=true, has-focusable=true, has-window-focus=true, is-clickable=false, is-enabled=true, is-focused=false, is-focusable=false, is-layout-requested=false, is-selected=false, layout-params=com.android.internal.widget.ActionBarOverlayLayout$LayoutParams&#64;c2189bd, tag=null, root-is-layout-requested=false, has-input-connection=false, x=0.0, y=120.0, child-count=1}
|
+---&gt;LinearLayout{id=-1, visibility=VISIBLE, width=720, height=1088, has-focus=true, has-focusable=true, has-window-focus=true, is-clickable=false, is-enabled=true, is-focused=false, is-focusable=false, is-layout-requested=false, is-selected=false, layout-params=android.widget.FrameLayout$LayoutParams&#64;e134703, tag=null, root-is-layout-requested=false, has-input-connection=false, x=0.0, y=0.0, child-count=2} ****MATCHES****
|
+----&gt;LinearLayout{id=-1, visibility=VISIBLE, width=720, height=1088, has-focus=true, has-focusable=true, has-window-focus=true, is-clickable=false, is-enabled=true, is-focused=false, is-focusable=false, is-layout-requested=false, is-selected=false, layout-params=android.widget.LinearLayout$LayoutParams&#64;d2a5680, tag=null, root-is-layout-requested=false, has-input-connection=false, x=0.0, y=0.0, child-count=1} ****MATCHES****
|
+-----&gt;LinearLayout{id=16909198, res-name=headers, visibility=VISIBLE, width=720, height=1088, has-focus=true, has-focusable=true, has-window-focus=true, is-clickable=false, is-enabled=true, is-focused=false, is-focusable=false, is-layout-requested=false, is-selected=false, layout-params=android.widget.LinearLayout$LayoutParams&#64;9f9505f, tag=null, root-is-layout-requested=false, has-input-connection=false, x=0.0, y=0.0, child-count=2} ****MATCHES****
|
+------&gt;ListView{id=16908298, res-name=list, visibility=VISIBLE, width=720, height=1088, has-focus=true, has-focusable=true, has-window-focus=true, is-clickable=true, is-enabled=true, is-focused=true, is-focusable=true, is-layout-requested=false, is-selected=false, layout-params=android.widget.LinearLayout$LayoutParams&#64;e1e5aac, tag=null, root-is-layout-requested=false, has-input-connection=false, x=0.0, y=0.0, child-count=6}
|
+-------&gt;LinearLayout{id=-1, visibility=VISIBLE, width=720, height=81, has-focus=false, has-focusable=false, has-window-focus=true, is-clickable=false, is-enabled=true, is-focused=false, is-focusable=false, is-layout-requested=false, is-selected=false, layout-params=android.widget.AbsListView$LayoutParams&#64;d6c7598, tag=null, root-is-layout-requested=false, has-input-connection=false, x=0.0, y=0.0, child-count=3} ****MATCHES****
|
+--------&gt;LinearLayout{id=16909195, res-name=icon_frame, visibility=GONE, width=0, height=0, has-focus=false, has-focusable=false, has-window-focus=true, is-clickable=false, is-enabled=true, is-focused=false, is-focusable=false, is-layout-requested=true, is-selected=false, layout-params=android.widget.LinearLayout$LayoutParams&#64;e45c1d6, tag=null, root-is-layout-requested=false, has-input-connection=false, x=0.0, y=0.0, child-count=1}
|
+---------&gt;PreferenceImageView{id=16908294, res-name=icon, visibility=GONE, width=0, height=0, has-focus=false, has-focusable=false, has-window-focus=true, is-clickable=false, is-enabled=true, is-focused=false, is-focusable=false, is-layout-requested=true, is-selected=false, layout-params=android.widget.LinearLayout$LayoutParams&#64;646ec57, tag=null, root-is-layout-requested=false, has-input-connection=false, x=0.0, y=0.0}
|
+--------&gt;RelativeLayout{id=-1, visibility=VISIBLE, width=672, height=81, has-focus=false, has-focusable=false, has-window-focus=true, is-clickable=false, is-enabled=true, is-focused=false, is-focusable=false, is-layout-requested=false, is-selected=false, layout-params=android.widget.LinearLayout$LayoutParams&#64;3342562, tag=null, root-is-layout-requested=false, has-input-connection=false, x=24.0, y=0.0, child-count=2}
|
+---------&gt;TextView{id=16908310, res-name=title, visibility=VISIBLE, width=132, height=33, has-focus=false, has-focusable=false, has-window-focus=true, is-clickable=false, is-enabled=true, is-focused=false, is-focusable=false, is-layout-requested=false, is-selected=false, layout-params=android.widget.RelativeLayout$LayoutParams&#64;c63f6f3, tag=null, root-is-layout-requested=false, has-input-connection=false, x=0.0, y=24.0, text=Item Sorting, input-type=0, ime-target=false, has-links=false}
|
+---------&gt;TextView{id=16908304, res-name=summary, visibility=GONE, width=0, height=0, has-focus=false, has-focusable=false, has-window-focus=true, is-clickable=false, is-enabled=true, is-focused=false, is-focusable=false, is-layout-requested=true, is-selected=false, layout-params=android.widget.RelativeLayout$LayoutParams&#64;ec05fb0, tag=null, root-is-layout-requested=false, has-input-connection=false, x=0.0, y=0.0, text=, input-type=0, ime-target=false, has-links=false}
|
+--------&gt;LinearLayout{id=16908312, res-name=widget_frame, visibility=GONE, width=0, height=0, has-focus=false, has-focusable=false, has-window-focus=true, is-clickable=false, is-enabled=true, is-focused=false, is-focusable=false, is-layout-requested=true, is-selected=false, layout-params=android.widget.LinearLayout$LayoutParams&#64;7308e29, tag=null, root-is-layout-requested=false, has-input-connection=false, x=0.0, y=0.0, child-count=0}
|
+-------&gt;LinearLayout{id=-1, visibility=VISIBLE, width=720, height=81, has-focus=false, has-focusable=false, has-window-focus=true, is-clickable=false, is-enabled=true, is-focused=false, is-focusable=false, is-layout-requested=false, is-selected=false, layout-params=android.widget.AbsListView$LayoutParams&#64;a1ae3e5, tag=null, root-is-layout-requested=false, has-input-connection=false, x=0.0, y=83.0, child-count=3} ****MATCHES****
|
+--------&gt;LinearLayout{id=16909195, res-name=icon_frame, visibility=GONE, width=0, height=0, has-focus=false, has-focusable=false, has-window-focus=true, is-clickable=false, is-enabled=true, is-focused=false, is-focusable=false, is-layout-requested=true, is-selected=false, layout-params=android.widget.LinearLayout$LayoutParams&#64;6e5516b, tag=null, root-is-layout-requested=false, has-input-connection=false, x=0.0, y=0.0, child-count=1}
|
+---------&gt;PreferenceImageView{id=16908294, res-name=icon, visibility=GONE, width=0, height=0, has-focus=false, has-focusable=false, has-window-focus=true, is-clickable=false, is-enabled=true, is-focused=false, is-focusable=false, is-layout-requested=true, is-selected=false, layout-params=android.widget.LinearLayout$LayoutParams&#64;23474c8, tag=null, root-is-layout-requested=false, has-input-connection=false, x=0.0, y=0.0}
|
+--------&gt;RelativeLayout{id=-1, visibility=VISIBLE, width=672, height=81, has-focus=false, has-focusable=false, has-window-focus=true, is-clickable=false, is-enabled=true, is-focused=false, is-focusable=false, is-layout-requested=false, is-selected=false, layout-params=android.widget.LinearLayout$LayoutParams&#64;1859947, tag=null, root-is-layout-requested=false, has-input-connection=false, x=24.0, y=0.0, child-count=2}
|
+---------&gt;TextView{id=16908310, res-name=title, visibility=VISIBLE, width=122, height=33, has-focus=false, has-focusable=false, has-window-focus=true, is-clickable=false, is-enabled=true, is-focused=false, is-focusable=false, is-layout-requested=false, is-selected=false, layout-params=android.widget.RelativeLayout$LayoutParams&#64;e801574, tag=null, root-is-layout-requested=false, has-input-connection=false, x=0.0, y=24.0, text=List Sorting, input-type=0, ime-target=false, has-links=false}
|
+---------&gt;TextView{id=16908304, res-name=summary, visibility=GONE, width=0, height=0, has-focus=false, has-focusable=false, has-window-focus=true, is-clickable=false, is-enabled=true, is-focused=false, is-focusable=false, is-layout-requested=true, is-selected=false, layout-params=android.widget.RelativeLayout$LayoutParams&#64;ecaaa9d, tag=null, root-is-layout-requested=false, has-input-connection=false, x=0.0, y=0.0, text=, input-type=0, ime-target=false, has-links=false}
|
+--------&gt;LinearLayout{id=16908312, res-name=widget_frame, visibility=GONE, width=0, height=0, has-focus=false, has-focusable=false, has-window-focus=true, is-clickable=false, is-enabled=true, is-focused=false, is-focusable=false, is-layout-requested=true, is-selected=false, layout-params=android.widget.LinearLayout$LayoutParams&#64;eb4ab12, tag=null, root-is-layout-requested=false, has-input-connection=false, x=0.0, y=0.0, child-count=0}
|
+-------&gt;LinearLayout{id=-1, visibility=VISIBLE, width=720, height=81, has-focus=false, has-focusable=false, has-window-focus=true, is-clickable=false, is-enabled=true, is-focused=false, is-focusable=false, is-layout-requested=false, is-selected=false, layout-params=android.widget.AbsListView$LayoutParams&#64;fae665e, tag=null, root-is-layout-requested=false, has-input-connection=false, x=0.0, y=166.0, child-count=3} ****MATCHES****
|
+--------&gt;LinearLayout{id=16909195, res-name=icon_frame, visibility=GONE, width=0, height=0, has-focus=false, has-focusable=false, has-window-focus=true, is-clickable=false, is-enabled=true, is-focused=false, is-focusable=false, is-layout-requested=true, is-selected=false, layout-params=android.widget.LinearLayout$LayoutParams&#64;f749f0c, tag=null, root-is-layout-requested=false, has-input-connection=false, x=0.0, y=0.0, child-count=1}
|
+---------&gt;PreferenceImageView{id=16908294, res-name=icon, visibility=GONE, width=0, height=0, has-focus=false, has-focusable=false, has-window-focus=true, is-clickable=false, is-enabled=true, is-focused=false, is-focusable=false, is-layout-requested=true, is-selected=false, layout-params=android.widget.LinearLayout$LayoutParams&#64;c659055, tag=null, root-is-layout-requested=false, has-input-connection=false, x=0.0, y=0.0}
|
+--------&gt;RelativeLayout{id=-1, visibility=VISIBLE, width=672, height=81, has-focus=false, has-focusable=false, has-window-focus=true, is-clickable=false, is-enabled=true, is-focused=false, is-focusable=false, is-layout-requested=false, is-selected=false, layout-params=android.widget.LinearLayout$LayoutParams&#64;a529ff8, tag=null, root-is-layout-requested=false, has-input-connection=false, x=24.0, y=0.0, child-count=2}
|
+---------&gt;TextView{id=16908310, res-name=title, visibility=VISIBLE, width=209, height=33, has-focus=false, has-focusable=false, has-window-focus=true, is-clickable=false, is-enabled=true, is-focused=false, is-focusable=false, is-layout-requested=false, is-selected=false, layout-params=android.widget.RelativeLayout$LayoutParams&#64;3bbdcd1, tag=null, root-is-layout-requested=false, has-input-connection=false, x=0.0, y=24.0, text=Inactive Decoration, input-type=0, ime-target=false, has-links=false}
|
+---------&gt;TextView{id=16908304, res-name=summary, visibility=GONE, width=0, height=0, has-focus=false, has-focusable=false, has-window-focus=true, is-clickable=false, is-enabled=true, is-focused=false, is-focusable=false, is-layout-requested=true, is-selected=false, layout-params=android.widget.RelativeLayout$LayoutParams&#64;eeae336, tag=null, root-is-layout-requested=false, has-input-connection=false, x=0.0, y=0.0, text=, input-type=0, ime-target=false, has-links=false}
|
+--------&gt;LinearLayout{id=16908312, res-name=widget_frame, visibility=GONE, width=0, height=0, has-focus=false, has-focusable=false, has-window-focus=true, is-clickable=false, is-enabled=true, is-focused=false, is-focusable=false, is-layout-requested=true, is-selected=false, layout-params=android.widget.LinearLayout$LayoutParams&#64;d016237, tag=null, root-is-layout-requested=false, has-input-connection=false, x=0.0, y=0.0, child-count=0}
|
+-------&gt;LinearLayout{id=-1, visibility=VISIBLE, width=720, height=81, has-focus=false, has-focusable=false, has-window-focus=true, is-clickable=false, is-enabled=true, is-focused=false, is-focusable=false, is-layout-requested=false, is-selected=false, layout-params=android.widget.AbsListView$LayoutParams&#64;1f9fcc2, tag=null, root-is-layout-requested=false, has-input-connection=false, x=0.0, y=249.0, child-count=3} ****MATCHES****
|
+--------&gt;LinearLayout{id=16909195, res-name=icon_frame, visibility=GONE, width=0, height=0, has-focus=false, has-focusable=false, has-window-focus=true, is-clickable=false, is-enabled=true, is-focused=false, is-focusable=false, is-layout-requested=true, is-selected=false, layout-params=android.widget.LinearLayout$LayoutParams&#64;c357610, tag=null, root-is-layout-requested=false, has-input-connection=false, x=0.0, y=0.0, child-count=1}
|
+---------&gt;PreferenceImageView{id=16908294, res-name=icon, visibility=GONE, width=0, height=0, has-focus=false, has-focusable=false, has-window-focus=true, is-clickable=false, is-enabled=true, is-focused=false, is-focusable=false, is-layout-requested=true, is-selected=false, layout-params=android.widget.LinearLayout$LayoutParams&#64;d1c5509, tag=null, root-is-layout-requested=false, has-input-connection=false, x=0.0, y=0.0}
|
+--------&gt;RelativeLayout{id=-1, visibility=VISIBLE, width=600, height=81, has-focus=false, has-focusable=false, has-window-focus=true, is-clickable=false, is-enabled=true, is-focused=false, is-focusable=false, is-layout-requested=false, is-selected=false, layout-params=android.widget.LinearLayout$LayoutParams&#64;fe3e33c, tag=null, root-is-layout-requested=false, has-input-connection=false, x=24.0, y=0.0, child-count=2}
|
+---------&gt;TextView{id=16908310, res-name=title, visibility=VISIBLE, width=285, height=33, has-focus=false, has-focusable=false, has-window-focus=true, is-clickable=false, is-enabled=true, is-focused=false, is-focusable=false, is-layout-requested=false, is-selected=false, layout-params=android.widget.RelativeLayout$LayoutParams&#64;fac38c5, tag=null, root-is-layout-requested=false, has-input-connection=false, x=0.0, y=24.0, text=Confirm Delete All Inactive, input-type=0, ime-target=false, has-links=false}
|
+---------&gt;TextView{id=16908304, res-name=summary, visibility=GONE, width=0, height=0, has-focus=false, has-focusable=false, has-window-focus=true, is-clickable=false, is-enabled=true, is-focused=false, is-focusable=false, is-layout-requested=true, is-selected=false, layout-params=android.widget.RelativeLayout$LayoutParams&#64;2fe621a, tag=null, root-is-layout-requested=false, has-input-connection=false, x=0.0, y=0.0, text=, input-type=0, ime-target=false, has-links=false}
|
+--------&gt;LinearLayout{id=16908312, res-name=widget_frame, visibility=VISIBLE, width=72, height=81, has-focus=false, has-focusable=false, has-window-focus=true, is-clickable=false, is-enabled=true, is-focused=false, is-focusable=false, is-layout-requested=false, is-selected=false, layout-params=android.widget.LinearLayout$LayoutParams&#64;da9f728, tag=null, root-is-layout-requested=false, has-input-connection=false, x=624.0, y=0.0, child-count=1} ****MATCHES****
|
+---------&gt;CheckBox{id=16908289, res-name=checkbox, visibility=VISIBLE, width=48, height=48, has-focus=false, has-focusable=false, has-window-focus=true, is-clickable=false, is-enabled=true, is-focused=false, is-focusable=false, is-layout-requested=false, is-selected=false, layout-params=android.widget.LinearLayout$LayoutParams&#64;b9c9c41, tag=null, root-is-layout-requested=false, has-input-connection=false, x=24.0, y=16.0, text=, input-type=0, ime-target=false, has-links=false, is-checked=true}
|
+-------&gt;LinearLayout{id=-1, visibility=VISIBLE, width=720, height=81, has-focus=false, has-focusable=false, has-window-focus=true, is-clickable=false, is-enabled=true, is-focused=false, is-focusable=false, is-layout-requested=false, is-selected=false, layout-params=android.widget.AbsListView$LayoutParams&#64;4d5bb7d, tag=null, root-is-layout-requested=false, has-input-connection=false, x=0.0, y=332.0, child-count=3} ****MATCHES****
|
+--------&gt;LinearLayout{id=16909195, res-name=icon_frame, visibility=GONE, width=0, height=0, has-focus=false, has-focusable=false, has-window-focus=true, is-clickable=false, is-enabled=true, is-focused=false, is-focusable=false, is-layout-requested=true, is-selected=false, layout-params=android.widget.LinearLayout$LayoutParams&#64;1692ec3, tag=null, root-is-layout-requested=false, has-input-connection=false, x=0.0, y=0.0, child-count=1}
|
+---------&gt;PreferenceImageView{id=16908294, res-name=icon, visibility=GONE, width=0, height=0, has-focus=false, has-focusable=false, has-window-focus=true, is-clickable=false, is-enabled=true, is-focused=false, is-focusable=false, is-layout-requested=true, is-selected=false, layout-params=android.widget.LinearLayout$LayoutParams&#64;3da8340, tag=null, root-is-layout-requested=false, has-input-connection=false, x=0.0, y=0.0}
|
+--------&gt;RelativeLayout{id=-1, visibility=VISIBLE, width=672, height=81, has-focus=false, has-focusable=false, has-window-focus=true, is-clickable=false, is-enabled=true, is-focused=false, is-focusable=false, is-layout-requested=false, is-selected=false, layout-params=android.widget.LinearLayout$LayoutParams&#64;f25f41f, tag=null, root-is-layout-requested=false, has-input-connection=false, x=24.0, y=0.0, child-count=2}
|
+---------&gt;TextView{id=16908310, res-name=title, visibility=VISIBLE, width=134, height=33, has-focus=false, has-focusable=false, has-window-focus=true, is-clickable=false, is-enabled=true, is-focused=false, is-focusable=false, is-layout-requested=false, is-selected=false, layout-params=android.widget.RelativeLayout$LayoutParams&#64;284936c, tag=null, root-is-layout-requested=false, has-input-connection=false, x=0.0, y=24.0, text=Backup Now, input-type=0, ime-target=false, has-links=false}
|
+---------&gt;TextView{id=16908304, res-name=summary, visibility=GONE, width=0, height=0, has-focus=false, has-focusable=false, has-window-focus=true, is-clickable=false, is-enabled=true, is-focused=false, is-focusable=false, is-layout-requested=true, is-selected=false, layout-params=android.widget.RelativeLayout$LayoutParams&#64;8e5dd35, tag=null, root-is-layout-requested=false, has-input-connection=false, x=0.0, y=0.0, text=, input-type=0, ime-target=false, has-links=false}
|
+--------&gt;LinearLayout{id=16908312, res-name=widget_frame, visibility=GONE, width=0, height=0, has-focus=false, has-focusable=false, has-window-focus=true, is-clickable=false, is-enabled=true, is-focused=false, is-focusable=false, is-layout-requested=true, is-selected=false, layout-params=android.widget.LinearLayout$LayoutParams&#64;f4385ca, tag=null, root-is-layout-requested=false, has-input-connection=false, x=0.0, y=0.0, child-count=0}
|
+-------&gt;LinearLayout{id=-1, visibility=VISIBLE, width=720, height=81, has-focus=false, has-focusable=false, has-window-focus=true, is-clickable=false, is-enabled=true, is-focused=false, is-focusable=false, is-layout-requested=false, is-selected=false, layout-params=android.widget.AbsListView$LayoutParams&#64;7fc3496, tag=null, root-is-layout-requested=false, has-input-connection=false, x=0.0, y=415.0, child-count=3} ****MATCHES****
|
+--------&gt;LinearLayout{id=16909195, res-name=icon_frame, visibility=GONE, width=0, height=0, has-focus=false, has-focusable=false, has-window-focus=true, is-clickable=false, is-enabled=true, is-focused=false, is-focusable=false, is-layout-requested=true, is-selected=false, layout-params=android.widget.LinearLayout$LayoutParams&#64;4dbe404, tag=null, root-is-layout-requested=false, has-input-connection=false, x=0.0, y=0.0, child-count=1}
|
+---------&gt;PreferenceImageView{id=16908294, res-name=icon, visibility=GONE, width=0, height=0, has-focus=false, has-focusable=false, has-window-focus=true, is-clickable=false, is-enabled=true, is-focused=false, is-focusable=false, is-layout-requested=true, is-selected=false, layout-params=android.widget.LinearLayout$LayoutParams&#64;317ded, tag=null, root-is-layout-requested=false, has-input-connection=false, x=0.0, y=0.0}
|
+--------&gt;RelativeLayout{id=-1, visibility=VISIBLE, width=672, height=81, has-focus=false, has-focusable=false, has-window-focus=true, is-clickable=false, is-enabled=true, is-focused=false, is-focusable=false, is-layout-requested=false, is-selected=false, layout-params=android.widget.LinearLayout$LayoutParams&#64;f353c70, tag=null, root-is-layout-requested=false, has-input-connection=false, x=24.0, y=0.0, child-count=2}
|
+---------&gt;TextView{id=16908310, res-name=title, visibility=VISIBLE, width=83, height=33, has-focus=false, has-focusable=false, has-window-focus=true, is-clickable=false, is-enabled=true, is-focused=false, is-focusable=false, is-layout-requested=false, is-selected=false, layout-params=android.widget.RelativeLayout$LayoutParams&#64;b50be9, tag=null, root-is-layout-requested=false, has-input-connection=false, x=0.0, y=24.0, text=Restore, input-type=0, ime-target=false, has-links=false}
|
+---------&gt;TextView{id=16908304, res-name=summary, visibility=GONE, width=0, height=0, has-focus=false, has-focusable=false, has-window-focus=true, is-clickable=false, is-enabled=true, is-focused=false, is-focusable=false, is-layout-requested=true, is-selected=false, layout-params=android.widget.RelativeLayout$LayoutParams&#64;5ed406e, tag=null, root-is-layout-requested=false, has-input-connection=false, x=0.0, y=0.0, text=, input-type=0, ime-target=false, has-links=false}
|
+--------&gt;LinearLayout{id=16908312, res-name=widget_frame, visibility=GONE, width=0, height=0, has-focus=false, has-focusable=false, has-window-focus=true, is-clickable=false, is-enabled=true, is-focused=false, is-focusable=false, is-layout-requested=true, is-selected=false, layout-params=android.widget.LinearLayout$LayoutParams&#64;2ba230f, tag=null, root-is-layout-requested=false, has-input-connection=false, x=0.0, y=0.0, child-count=0}
|
+------&gt;FrameLayout{id=16909199, res-name=list_footer, visibility=VISIBLE, width=720, height=0, has-focus=false, has-focusable=false, has-window-focus=true, is-clickable=false, is-enabled=true, is-focused=false, is-focusable=false, is-layout-requested=false, is-selected=false, layout-params=android.widget.LinearLayout$LayoutParams&#64;c89af9c, tag=null, root-is-layout-requested=false, has-input-connection=false, x=0.0, y=1088.0, child-count=0}
|
+----&gt;RelativeLayout{id=16909202, res-name=button_bar, visibility=GONE, width=0, height=0, has-focus=false, has-focusable=false, has-window-focus=true, is-clickable=false, is-enabled=true, is-focused=false, is-focusable=false, is-layout-requested=true, is-selected=false, layout-params=android.widget.LinearLayout$LayoutParams&#64;7fe12b, tag=null, root-is-layout-requested=false, has-input-connection=false, x=0.0, y=0.0, child-count=2}
|
+-----&gt;Button{id=16909203, res-name=back_button, visibility=VISIBLE, width=0, height=0, has-focus=false, has-focusable=true, has-window-focus=true, is-clickable=true, is-enabled=true, is-focused=false, is-focusable=true, is-layout-requested=true, is-selected=false, layout-params=android.widget.RelativeLayout$LayoutParams&#64;f502988, tag=null, root-is-layout-requested=false, has-input-connection=false, x=0.0, y=0.0, text=Back, input-type=0, ime-target=false, has-links=false}
|
+-----&gt;LinearLayout{id=-1, visibility=VISIBLE, width=0, height=0, has-focus=false, has-focusable=true, has-window-focus=true, is-clickable=false, is-enabled=true, is-focused=false, is-focusable=false, is-layout-requested=true, is-selected=false, layout-params=android.widget.RelativeLayout$LayoutParams&#64;996507, tag=null, root-is-layout-requested=false, has-input-connection=false, x=0.0, y=0.0, child-count=2}
|
+------&gt;Button{id=16909204, res-name=skip_button, visibility=GONE, width=0, height=0, has-focus=false, has-focusable=false, has-window-focus=true, is-clickable=true, is-enabled=true, is-focused=false, is-focusable=true, is-layout-requested=true, is-selected=false, layout-params=android.widget.LinearLayout$LayoutParams&#64;8825634, tag=null, root-is-layout-requested=false, has-input-connection=false, x=0.0, y=0.0, text=Skip, input-type=0, ime-target=false, has-links=false}
|
+------&gt;Button{id=16909205, res-name=next_button, visibility=VISIBLE, width=0, height=0, has-focus=false, has-focusable=true, has-window-focus=true, is-clickable=true, is-enabled=true, is-focused=false, is-focusable=true, is-layout-requested=true, is-selected=false, layout-params=android.widget.LinearLayout$LayoutParams&#64;5fabc5d, tag=null, root-is-layout-requested=false, has-input-connection=false, x=0.0, y=0.0, text=Next, input-type=0, ime-target=false, has-links=false}
|
+--&gt;ActionBarContainer{id=16909231, res-name=action_bar_container, visibility=VISIBLE, width=720, height=84, has-focus=false, has-focusable=false, has-window-focus=true, is-clickable=false, is-enabled=true, is-focused=false, is-focusable=false, is-layout-requested=false, is-selected=false, layout-params=com.android.internal.widget.ActionBarOverlayLayout$LayoutParams&#64;d08a1a0, tag=null, root-is-layout-requested=false, has-input-connection=false, x=0.0, y=36.0, child-count=2}
|
+---&gt;Toolbar{id=16909232, res-name=action_bar, visibility=VISIBLE, width=720, height=84, has-focus=false, has-focusable=false, has-window-focus=true, is-clickable=false, is-enabled=true, is-focused=false, is-focusable=false, is-layout-requested=false, is-selected=false, layout-params=android.widget.FrameLayout$LayoutParams&#64;fefedff, tag=null, root-is-layout-requested=false, has-input-connection=false, x=0.0, y=0.0, child-count=2}
|
+----&gt;TextView{id=-1, visibility=VISIBLE, width=111, height=41, has-focus=false, has-focusable=false, has-window-focus=true, is-clickable=false, is-enabled=true, is-focused=false, is-focusable=false, is-layout-requested=false, is-selected=false, layout-params=android.widget.Toolbar$LayoutParams&#64;5e637cc, tag=null, root-is-layout-requested=false, has-input-connection=false, x=24.0, y=21.0, text=Settings, input-type=0, ime-target=false, has-links=false}
|
+----&gt;ActionMenuView{id=-1, visibility=VISIBLE, width=0, height=84, has-focus=false, has-focusable=false, has-window-focus=true, is-clickable=false, is-enabled=true, is-focused=false, is-focusable=false, is-layout-requested=false, is-selected=false, layout-params=android.widget.Toolbar$LayoutParams&#64;bce1a15, tag=null, root-is-layout-requested=false, has-input-connection=false, x=720.0, y=0.0, child-count=0}
|
+---&gt;ActionBarContextView{id=16909233, res-name=action_context_bar, visibility=GONE, width=0, height=0, has-focus=false, has-focusable=false, has-window-focus=true, is-clickable=false, is-enabled=true, is-focused=false, is-focusable=false, is-layout-requested=true, is-selected=false, layout-params=android.widget.FrameLayout$LayoutParams&#64;3f1b12a, tag=null, root-is-layout-requested=false, has-input-connection=false, x=0.0, y=0.0, child-count=0}
|
+-&gt;View{id=16908336, res-name=navigationBarBackground, visibility=VISIBLE, width=720, height=72, has-focus=false, has-focusable=false, has-window-focus=true, is-clickable=false, is-enabled=true, is-focused=false, is-focusable=false, is-layout-requested=false, is-selected=false, layout-params=android.widget.FrameLayout$LayoutParams&#64;25f6b1b, tag=null, root-is-layout-requested=false, has-input-connection=false, x=0.0, y=1208.0}
|
+-&gt;View{id=16908335, res-name=statusBarBackground, visibility=VISIBLE, width=720, height=36, has-focus=false, has-focusable=false, has-window-focus=true, is-clickable=false, is-enabled=true, is-focused=false, is-focusable=false, is-layout-requested=false, is-selected=false, layout-params=android.widget.FrameLayout$LayoutParams&#64;72504b8, tag=null, root-is-layout-requested=false, has-input-connection=false, x=0.0, y=0.0}
|
at dalvik.system.VMStack.getThreadStackTrace(Native Method)
at java.lang.Thread.getStackTrace(Thread.java:580)
at android.support.test.espresso.base.DefaultFailureHandler.getUserFriendlyError(DefaultFailureHandler.java:88)
at android.support.test.espresso.base.DefaultFailureHandler.handle(DefaultFailureHandler.java:51)
at android.support.test.espresso.ViewInteraction.waitForAndHandleInteractionResults(ViewInteraction.java:312)
at android.support.test.espresso.ViewInteraction.desugaredPerform(ViewInteraction.java:173)
at android.support.test.espresso.ViewInteraction.perform(ViewInteraction.java:114)
at kdk.android.simplydo.C2.ChangeSettingsC2.changeSettingsC2(ChangeSettingsC2.java:44)
at java.lang.reflect.Method.invoke(Native Method)
at org.junit.runners.model.FrameworkMethod$1.runReflectiveCall(FrameworkMethod.java:50)
at org.junit.internal.runners.model.ReflectiveCallable.run(ReflectiveCallable.java:12)
at org.junit.runners.model.FrameworkMethod.invokeExplosively(FrameworkMethod.java:47)
at org.junit.internal.runners.statements.InvokeMethod.evaluate(InvokeMethod.java:17)
at android.support.test.rule.ActivityTestRule$ActivityStatement.evaluate(ActivityTestRule.java:527)
at org.junit.rules.RunRules.evaluate(RunRules.java:20)
at org.junit.runners.ParentRunner.runLeaf(ParentRunner.java:325)
at org.junit.runners.BlockJUnit4ClassRunner.runChild(BlockJUnit4ClassRunner.java:78)
at org.junit.runners.BlockJUnit4ClassRunner.runChild(BlockJUnit4ClassRunner.java:57)
at org.junit.runners.ParentRunner$3.run(ParentRunner.java:290)
at org.junit.runners.ParentRunner$1.schedule(ParentRunner.java:71)
at org.junit.runners.ParentRunner.runChildren(ParentRunner.java:288)
at org.junit.runners.ParentRunner.access$000(ParentRunner.java:58)
at org.junit.runners.ParentRunner$2.evaluate(ParentRunner.java:268)
at org.junit.runners.ParentRunner.run(ParentRunner.java:363)
at android.support.test.runner.AndroidJUnit4.run(AndroidJUnit4.java:101)
at org.junit.runners.Suite.runChild(Suite.java:128)
at org.junit.runners.Suite.runChild(Suite.java:27)
at org.junit.runners.ParentRunner$3.run(ParentRunner.java:290)
at org.junit.runners.ParentRunner$1.schedule(ParentRunner.java:71)
at org.junit.runners.ParentRunner.runChildren(ParentRunner.java:288)
at org.junit.runners.ParentRunner.access$000(ParentRunner.java:58)
at org.junit.runners.ParentRunner$2.evaluate(ParentRunner.java:268)
at org.junit.runners.ParentRunner.run(ParentRunner.java:363)
at org.junit.runner.JUnitCore.run(JUnitCore.java:137)
at org.junit.runner.JUnitCore.run(JUnitCore.java:115)
at android.support.test.internal.runner.TestExecutor.execute(TestExecutor.java:56)
at android.support.test.runner.AndroidJUnitRunner.onStart(AndroidJUnitRunner.java:384)
at android.app.Instrumentation$InstrumentationThread.run(Instrumentation.java:1879)
</failure>
  </testcase>
  <testcase name="checkItemC2" classname="kdk.android.simplydo.C2.CheckItemC2" time="0.874">
    <failure>android.support.test.espresso.AmbiguousViewMatcherException: '(with class name: is "android.widget.LinearLayout" and is displayed on the screen to the user)' matches multiple views in the hierarchy.
Problem views are marked with '****MATCHES****' below.

View Hierarchy:
+&gt;DecorView{id=-1, visibility=VISIBLE, width=720, height=1280, has-focus=true, has-focusable=true, has-window-focus=true, is-clickable=false, is-enabled=true, is-focused=false, is-focusable=false, is-layout-requested=false, is-selected=false, layout-params=WM.LayoutParams{(0,0)(fillxfill) sim=#3 ty=1 fl=#81810100 wanim=0x1030383 needsMenuKey=2}, tag=null, root-is-layout-requested=false, has-input-connection=false, x=0.0, y=0.0, child-count=3}
|
+-&gt;ActionBarOverlayLayout{id=16909230, res-name=decor_content_parent, visibility=VISIBLE, width=720, height=1208, has-focus=true, has-focusable=true, has-window-focus=true, is-clickable=false, is-enabled=true, is-focused=false, is-focusable=false, is-layout-requested=false, is-selected=false, layout-params=android.widget.FrameLayout$LayoutParams&#64;4fc74c6, tag=null, root-is-layout-requested=false, has-input-connection=false, x=0.0, y=0.0, child-count=2}
|
+--&gt;FrameLayout{id=16908290, res-name=content, visibility=VISIBLE, width=720, height=1088, has-focus=true, has-focusable=true, has-window-focus=true, is-clickable=false, is-enabled=true, is-focused=false, is-focusable=false, is-layout-requested=false, is-selected=false, layout-params=com.android.internal.widget.ActionBarOverlayLayout$LayoutParams&#64;2363c87, tag=null, root-is-layout-requested=false, has-input-connection=false, x=0.0, y=120.0, child-count=1}
|
+---&gt;LinearLayout{id=-1, visibility=VISIBLE, width=720, height=1088, has-focus=true, has-focusable=true, has-window-focus=true, is-clickable=false, is-enabled=true, is-focused=false, is-focusable=false, is-layout-requested=false, is-selected=false, layout-params=android.widget.FrameLayout$LayoutParams&#64;7f21fdd, tag=null, root-is-layout-requested=false, has-input-connection=false, x=0.0, y=0.0, child-count=1} ****MATCHES****
|
+----&gt;ViewSwitcher{id=2130903049, res-name=ListsItemsSwitcher, visibility=VISIBLE, width=720, height=222, has-focus=true, has-focusable=true, has-window-focus=true, is-clickable=false, is-enabled=true, is-focused=false, is-focusable=false, is-layout-requested=false, is-selected=false, layout-params=android.widget.LinearLayout$LayoutParams&#64;1301a23, tag=null, root-is-layout-requested=false, has-input-connection=false, x=0.0, y=0.0, child-count=2}
|
+-----&gt;LinearLayout{id=2130903059, res-name=listsView, visibility=VISIBLE, width=720, height=222, has-focus=true, has-focusable=true, has-window-focus=true, is-clickable=false, is-enabled=true, is-focused=false, is-focusable=false, is-layout-requested=false, is-selected=false, layout-params=android.widget.FrameLayout$LayoutParams&#64;75dcd9, tag=null, root-is-layout-requested=false, has-input-connection=false, x=0.0, y=0.0, child-count=2} ****MATCHES****
|
+------&gt;LinearLayout{id=2130903048, res-name=LinearLayout01, visibility=VISIBLE, width=720, height=72, has-focus=true, has-focusable=true, has-window-focus=true, is-clickable=false, is-enabled=true, is-focused=false, is-focusable=false, is-layout-requested=false, is-selected=false, layout-params=android.widget.LinearLayout$LayoutParams&#64;e7da94c, tag=null, root-is-layout-requested=false, has-input-connection=false, x=0.0, y=0.0, child-count=2} ****MATCHES****
|
+-------&gt;EditText{id=2130903043, res-name=AddListEditText, desc=addlistedittext, visibility=VISIBLE, width=588, height=72, has-focus=true, has-focusable=true, has-window-focus=true, is-clickable=true, is-enabled=true, is-focused=true, is-focusable=true, is-layout-requested=false, is-selected=false, layout-params=android.widget.LinearLayout$LayoutParams&#64;1de6d95, tag=null, root-is-layout-requested=false, has-input-connection=true, editor-info=[inputType=0x31 imeOptions=0x8000006 privateImeOptions=null actionLabel=null actionId=0 initialSelStart=0 initialSelEnd=0 initialCapsMode=0x0 hintText=New List Name label=null packageName=null fieldId=0 fieldName=null extras=null ], x=0.0, y=0.0, text=, hint=New List Name, input-type=49, ime-target=true, has-links=false}
|
+-------&gt;Button{id=2130903042, res-name=AddListButton, desc=Add, visibility=VISIBLE, width=132, height=72, has-focus=false, has-focusable=true, has-window-focus=true, is-clickable=true, is-enabled=true, is-focused=false, is-focusable=true, is-layout-requested=false, is-selected=false, layout-params=android.widget.LinearLayout$LayoutParams&#64;7563eaa, tag=null, root-is-layout-requested=false, has-input-connection=false, x=588.0, y=0.0, text=Add, input-type=0, ime-target=false, has-links=false}
|
+------&gt;ListView{id=2130903050, res-name=ListsListView, visibility=VISIBLE, width=720, height=150, has-focus=false, has-focusable=true, has-window-focus=true, is-clickable=true, is-enabled=true, is-focused=false, is-focusable=true, is-layout-requested=false, is-selected=false, layout-params=android.widget.LinearLayout$LayoutParams&#64;84caa9b, tag=null, root-is-layout-requested=false, has-input-connection=false, x=0.0, y=72.0, child-count=2}
|
+-------&gt;LinearLayout{id=-1, visibility=VISIBLE, width=720, height=74, has-focus=false, has-focusable=false, has-window-focus=true, is-clickable=false, is-enabled=true, is-focused=false, is-focusable=false, is-layout-requested=false, is-selected=false, layout-params=android.widget.AbsListView$LayoutParams&#64;319b76, tag=null, root-is-layout-requested=false, has-input-connection=false, x=0.0, y=0.0, child-count=2} ****MATCHES****
|
+--------&gt;TextView{id=2130903060, res-name=text1, desc=Name, visibility=VISIBLE, width=643, height=44, has-focus=false, has-focusable=false, has-window-focus=true, is-clickable=false, is-enabled=true, is-focused=false, is-focusable=false, is-layout-requested=false, is-selected=false, layout-params=android.widget.LinearLayout$LayoutParams&#64;5c15577, tag=null, root-is-layout-requested=false, has-input-connection=false, x=15.0, y=15.0, text=List, input-type=0, ime-target=false, has-links=false}
|
+--------&gt;TextView{id=2130903061, res-name=text2, desc=text2, visibility=VISIBLE, width=62, height=37, has-focus=false, has-focusable=false, has-window-focus=true, is-clickable=false, is-enabled=true, is-focused=false, is-focusable=false, is-layout-requested=false, is-selected=false, layout-params=android.widget.LinearLayout$LayoutParams&#64;c65d5e4, tag=null, root-is-layout-requested=false, has-input-connection=false, x=658.0, y=19.0, text=(0/0), input-type=0, ime-target=false, has-links=false}
|
+-------&gt;LinearLayout{id=-1, visibility=VISIBLE, width=720, height=74, has-focus=false, has-focusable=false, has-window-focus=true, is-clickable=false, is-enabled=true, is-focused=false, is-focusable=false, is-layout-requested=false, is-selected=false, layout-params=android.widget.AbsListView$LayoutParams&#64;46bd213, tag=null, root-is-layout-requested=false, has-input-connection=false, x=0.0, y=76.0, child-count=2} ****MATCHES****
|
+--------&gt;TextView{id=2130903060, res-name=text1, desc=Name, visibility=VISIBLE, width=643, height=44, has-focus=false, has-focusable=false, has-window-focus=true, is-clickable=false, is-enabled=true, is-focused=false, is-focusable=false, is-layout-requested=false, is-selected=false, layout-params=android.widget.LinearLayout$LayoutParams&#64;99c6c50, tag=null, root-is-layout-requested=false, has-input-connection=false, x=15.0, y=15.0, text=List, input-type=0, ime-target=false, has-links=false}
|
+--------&gt;TextView{id=2130903061, res-name=text2, desc=text2, visibility=VISIBLE, width=62, height=37, has-focus=false, has-focusable=false, has-window-focus=true, is-clickable=false, is-enabled=true, is-focused=false, is-focusable=false, is-layout-requested=false, is-selected=false, layout-params=android.widget.LinearLayout$LayoutParams&#64;67aae49, tag=null, root-is-layout-requested=false, has-input-connection=false, x=658.0, y=19.0, text=(0/0), input-type=0, ime-target=false, has-links=false}
|
+-----&gt;LinearLayout{id=2130903057, res-name=itemsView, visibility=GONE, width=0, height=0, has-focus=false, has-focusable=false, has-window-focus=true, is-clickable=false, is-enabled=true, is-focused=false, is-focusable=false, is-layout-requested=true, is-selected=false, layout-params=android.widget.FrameLayout$LayoutParams&#64;d63fd7c, tag=null, root-is-layout-requested=false, has-input-connection=false, x=0.0, y=0.0, child-count=2}
|
+------&gt;LinearLayout{id=2130903048, res-name=LinearLayout01, visibility=VISIBLE, width=0, height=0, has-focus=false, has-focusable=true, has-window-focus=true, is-clickable=false, is-enabled=true, is-focused=false, is-focusable=false, is-layout-requested=true, is-selected=false, layout-params=android.widget.LinearLayout$LayoutParams&#64;269708b, tag=null, root-is-layout-requested=false, has-input-connection=false, x=0.0, y=0.0, child-count=2}
|
+-------&gt;EditText{id=2130903041, res-name=AddItemEditText, desc=addItemEditText, visibility=VISIBLE, width=0, height=0, has-focus=false, has-focusable=true, has-window-focus=true, is-clickable=true, is-enabled=true, is-focused=false, is-focusable=true, is-layout-requested=true, is-selected=false, layout-params=android.widget.LinearLayout$LayoutParams&#64;db17568, tag=null, root-is-layout-requested=false, has-input-connection=true, editor-info=[inputType=0x31 imeOptions=0x8000006 privateImeOptions=null actionLabel=null actionId=0 initialSelStart=0 initialSelEnd=0 initialCapsMode=0x0 hintText=New Item Name label=null packageName=null fieldId=0 fieldName=null extras=null ], x=0.0, y=0.0, text=, hint=New Item Name, input-type=49, ime-target=false, has-links=false}
|
+-------&gt;Button{id=2130903040, res-name=AddItemButton, desc=Add, visibility=VISIBLE, width=0, height=0, has-focus=false, has-focusable=true, has-window-focus=true, is-clickable=true, is-enabled=true, is-focused=false, is-focusable=true, is-layout-requested=true, is-selected=false, layout-params=android.widget.LinearLayout$LayoutParams&#64;cc4dd81, tag=null, root-is-layout-requested=false, has-input-connection=false, x=0.0, y=0.0, text=Add, input-type=0, ime-target=false, has-links=false}
|
+------&gt;ListView{id=2130903047, res-name=ItemsListView, visibility=VISIBLE, width=0, height=0, has-focus=false, has-focusable=false, has-window-focus=true, is-clickable=true, is-enabled=true, is-focused=false, is-focusable=false, is-layout-requested=true, is-selected=false, layout-params=android.widget.LinearLayout$LayoutParams&#64;e15ce26, tag=null, root-is-layout-requested=false, has-input-connection=false, x=0.0, y=0.0, child-count=0}
|
+--&gt;ActionBarContainer{id=16909231, res-name=action_bar_container, visibility=VISIBLE, width=720, height=84, has-focus=false, has-focusable=false, has-window-focus=true, is-clickable=false, is-enabled=true, is-focused=false, is-focusable=false, is-layout-requested=false, is-selected=false, layout-params=com.android.internal.widget.ActionBarOverlayLayout$LayoutParams&#64;860d0bd, tag=null, root-is-layout-requested=false, has-input-connection=false, x=0.0, y=36.0, child-count=2}
|
+---&gt;Toolbar{id=16909232, res-name=action_bar, visibility=VISIBLE, width=720, height=84, has-focus=false, has-focusable=false, has-window-focus=true, is-clickable=false, is-enabled=true, is-focused=false, is-focusable=false, is-layout-requested=false, is-selected=false, layout-params=android.widget.FrameLayout$LayoutParams&#64;90b8980, tag=null, root-is-layout-requested=false, has-input-connection=false, x=0.0, y=0.0, child-count=2}
|
+----&gt;TextView{id=-1, visibility=VISIBLE, width=136, height=41, has-focus=false, has-focusable=false, has-window-focus=true, is-clickable=false, is-enabled=true, is-focused=false, is-focusable=false, is-layout-requested=false, is-selected=false, layout-params=android.widget.Toolbar$LayoutParams&#64;6cebbb9, tag=null, root-is-layout-requested=false, has-input-connection=false, x=24.0, y=21.0, text=Simply Do, input-type=0, ime-target=false, has-links=false}
|
+----&gt;ActionMenuView{id=-1, visibility=VISIBLE, width=60, height=84, has-focus=false, has-focusable=false, has-window-focus=true, is-clickable=false, is-enabled=true, is-focused=false, is-focusable=false, is-layout-requested=false, is-selected=false, layout-params=android.widget.Toolbar$LayoutParams&#64;8a65f5f, tag=null, root-is-layout-requested=false, has-input-connection=false, x=660.0, y=0.0, child-count=1}
|
+-----&gt;OverflowMenuButton{id=-1, desc=More options, visibility=VISIBLE, width=60, height=72, has-focus=false, has-focusable=false, has-window-focus=true, is-clickable=true, is-enabled=true, is-focused=false, is-focusable=true, is-layout-requested=false, is-selected=false, layout-params=android.widget.ActionMenuView$LayoutParams&#64;25fbdac, tag=null, root-is-layout-requested=false, has-input-connection=false, x=0.0, y=6.0}
|
+---&gt;ActionBarContextView{id=16909233, res-name=action_context_bar, visibility=GONE, width=0, height=0, has-focus=false, has-focusable=false, has-window-focus=true, is-clickable=false, is-enabled=true, is-focused=false, is-focusable=false, is-layout-requested=true, is-selected=false, layout-params=android.widget.FrameLayout$LayoutParams&#64;d965a75, tag=null, root-is-layout-requested=false, has-input-connection=false, x=0.0, y=0.0, child-count=0}
|
+-&gt;View{id=16908336, res-name=navigationBarBackground, visibility=VISIBLE, width=720, height=72, has-focus=false, has-focusable=false, has-window-focus=true, is-clickable=false, is-enabled=true, is-focused=false, is-focusable=false, is-layout-requested=false, is-selected=false, layout-params=android.widget.FrameLayout$LayoutParams&#64;4125a0a, tag=null, root-is-layout-requested=false, has-input-connection=false, x=0.0, y=1208.0}
|
+-&gt;View{id=16908335, res-name=statusBarBackground, visibility=VISIBLE, width=720, height=36, has-focus=false, has-focusable=false, has-window-focus=true, is-clickable=false, is-enabled=true, is-focused=false, is-focusable=false, is-layout-requested=false, is-selected=false, layout-params=android.widget.FrameLayout$LayoutParams&#64;fb927b, tag=null, root-is-layout-requested=false, has-input-connection=false, x=0.0, y=0.0}
|
at dalvik.system.VMStack.getThreadStackTrace(Native Method)
at java.lang.Thread.getStackTrace(Thread.java:580)
at android.support.test.espresso.base.DefaultFailureHandler.getUserFriendlyError(DefaultFailureHandler.java:88)
at android.support.test.espresso.base.DefaultFailureHandler.handle(DefaultFailureHandler.java:51)
at android.support.test.espresso.ViewInteraction.waitForAndHandleInteractionResults(ViewInteraction.java:312)
at android.support.test.espresso.ViewInteraction.desugaredPerform(ViewInteraction.java:173)
at android.support.test.espresso.ViewInteraction.perform(ViewInteraction.java:114)
at kdk.android.simplydo.C2.CheckItemC2.checkItemC2(CheckItemC2.java:50)
at java.lang.reflect.Method.invoke(Native Method)
at org.junit.runners.model.FrameworkMethod$1.runReflectiveCall(FrameworkMethod.java:50)
at org.junit.internal.runners.model.ReflectiveCallable.run(ReflectiveCallable.java:12)
at org.junit.runners.model.FrameworkMethod.invokeExplosively(FrameworkMethod.java:47)
at org.junit.internal.runners.statements.InvokeMethod.evaluate(InvokeMethod.java:17)
at android.support.test.rule.ActivityTestRule$ActivityStatement.evaluate(ActivityTestRule.java:527)
at org.junit.rules.RunRules.evaluate(RunRules.java:20)
at org.junit.runners.ParentRunner.runLeaf(ParentRunner.java:325)
at org.junit.runners.BlockJUnit4ClassRunner.runChild(BlockJUnit4ClassRunner.java:78)
at org.junit.runners.BlockJUnit4ClassRunner.runChild(BlockJUnit4ClassRunner.java:57)
at org.junit.runners.ParentRunner$3.run(ParentRunner.java:290)
at org.junit.runners.ParentRunner$1.schedule(ParentRunner.java:71)
at org.junit.runners.ParentRunner.runChildren(ParentRunner.java:288)
at org.junit.runners.ParentRunner.access$000(ParentRunner.java:58)
at org.junit.runners.ParentRunner$2.evaluate(ParentRunner.java:268)
at org.junit.runners.ParentRunner.run(ParentRunner.java:363)
at android.support.test.runner.AndroidJUnit4.run(AndroidJUnit4.java:101)
at org.junit.runners.Suite.runChild(Suite.java:128)
at org.junit.runners.Suite.runChild(Suite.java:27)
at org.junit.runners.ParentRunner$3.run(ParentRunner.java:290)
at org.junit.runners.ParentRunner$1.schedule(ParentRunner.java:71)
at org.junit.runners.ParentRunner.runChildren(ParentRunner.java:288)
at org.junit.runners.ParentRunner.access$000(ParentRunner.java:58)
at org.junit.runners.ParentRunner$2.evaluate(ParentRunner.java:268)
at org.junit.runners.ParentRunner.run(ParentRunner.java:363)
at org.junit.runner.JUnitCore.run(JUnitCore.java:137)
at org.junit.runner.JUnitCore.run(JUnitCore.java:115)
at android.support.test.internal.runner.TestExecutor.execute(TestExecutor.java:56)
at android.support.test.runner.AndroidJUnitRunner.onStart(AndroidJUnitRunner.java:384)
at android.app.Instrumentation$InstrumentationThread.run(Instrumentation.java:1879)
</failure>
  </testcase>
  <testcase name="createListsC2" classname="kdk.android.simplydo.C2.CreateListsC2" time="1.074" />
  <testcase name="sortItemsC2" classname="kdk.android.simplydo.C2.SortItemsC2" time="0.809">
    <failure>android.support.test.espresso.AmbiguousViewMatcherException: '(with class name: is "android.widget.LinearLayout" and is displayed on the screen to the user)' matches multiple views in the hierarchy.
Problem views are marked with '****MATCHES****' below.

View Hierarchy:
+&gt;DecorView{id=-1, visibility=VISIBLE, width=720, height=1280, has-focus=true, has-focusable=true, has-window-focus=true, is-clickable=false, is-enabled=true, is-focused=false, is-focusable=false, is-layout-requested=false, is-selected=false, layout-params=WM.LayoutParams{(0,0)(fillxfill) sim=#3 ty=1 fl=#81810100 wanim=0x1030383 needsMenuKey=2}, tag=null, root-is-layout-requested=false, has-input-connection=false, x=0.0, y=0.0, child-count=3}
|
+-&gt;ActionBarOverlayLayout{id=16909230, res-name=decor_content_parent, visibility=VISIBLE, width=720, height=1208, has-focus=true, has-focusable=true, has-window-focus=true, is-clickable=false, is-enabled=true, is-focused=false, is-focusable=false, is-layout-requested=false, is-selected=false, layout-params=android.widget.FrameLayout$LayoutParams&#64;689b481, tag=null, root-is-layout-requested=false, has-input-connection=false, x=0.0, y=0.0, child-count=2}
|
+--&gt;FrameLayout{id=16908290, res-name=content, visibility=VISIBLE, width=720, height=1088, has-focus=true, has-focusable=true, has-window-focus=true, is-clickable=false, is-enabled=true, is-focused=false, is-focusable=false, is-layout-requested=false, is-selected=false, layout-params=com.android.internal.widget.ActionBarOverlayLayout$LayoutParams&#64;a675926, tag=null, root-is-layout-requested=false, has-input-connection=false, x=0.0, y=120.0, child-count=1}
|
+---&gt;LinearLayout{id=-1, visibility=VISIBLE, width=720, height=1088, has-focus=true, has-focusable=true, has-window-focus=true, is-clickable=false, is-enabled=true, is-focused=false, is-focusable=false, is-layout-requested=false, is-selected=false, layout-params=android.widget.FrameLayout$LayoutParams&#64;9ec8314, tag=null, root-is-layout-requested=false, has-input-connection=false, x=0.0, y=0.0, child-count=1} ****MATCHES****
|
+----&gt;ViewSwitcher{id=2130903049, res-name=ListsItemsSwitcher, visibility=VISIBLE, width=720, height=450, has-focus=true, has-focusable=true, has-window-focus=true, is-clickable=false, is-enabled=true, is-focused=false, is-focusable=false, is-layout-requested=false, is-selected=false, layout-params=android.widget.LinearLayout$LayoutParams&#64;75fe1b2, tag=null, root-is-layout-requested=false, has-input-connection=false, x=0.0, y=0.0, child-count=2}
|
+-----&gt;LinearLayout{id=2130903059, res-name=listsView, visibility=VISIBLE, width=720, height=450, has-focus=true, has-focusable=true, has-window-focus=true, is-clickable=false, is-enabled=true, is-focused=false, is-focusable=false, is-layout-requested=false, is-selected=false, layout-params=android.widget.FrameLayout$LayoutParams&#64;e98bc80, tag=null, root-is-layout-requested=false, has-input-connection=false, x=0.0, y=0.0, child-count=2} ****MATCHES****
|
+------&gt;LinearLayout{id=2130903048, res-name=LinearLayout01, visibility=VISIBLE, width=720, height=72, has-focus=true, has-focusable=true, has-window-focus=true, is-clickable=false, is-enabled=true, is-focused=false, is-focusable=false, is-layout-requested=false, is-selected=false, layout-params=android.widget.LinearLayout$LayoutParams&#64;def6e5f, tag=null, root-is-layout-requested=false, has-input-connection=false, x=0.0, y=0.0, child-count=2} ****MATCHES****
|
+-------&gt;EditText{id=2130903043, res-name=AddListEditText, desc=addlistedittext, visibility=VISIBLE, width=588, height=72, has-focus=true, has-focusable=true, has-window-focus=true, is-clickable=true, is-enabled=true, is-focused=true, is-focusable=true, is-layout-requested=false, is-selected=false, layout-params=android.widget.LinearLayout$LayoutParams&#64;f0d20ac, tag=null, root-is-layout-requested=false, has-input-connection=true, editor-info=[inputType=0x31 imeOptions=0x8000006 privateImeOptions=null actionLabel=null actionId=0 initialSelStart=0 initialSelEnd=0 initialCapsMode=0x0 hintText=New List Name label=null packageName=null fieldId=0 fieldName=null extras=null ], x=0.0, y=0.0, text=, hint=New List Name, input-type=49, ime-target=true, has-links=false}
|
+-------&gt;Button{id=2130903042, res-name=AddListButton, desc=Add, visibility=VISIBLE, width=132, height=72, has-focus=false, has-focusable=true, has-window-focus=true, is-clickable=true, is-enabled=true, is-focused=false, is-focusable=true, is-layout-requested=false, is-selected=false, layout-params=android.widget.LinearLayout$LayoutParams&#64;9938175, tag=null, root-is-layout-requested=false, has-input-connection=false, x=588.0, y=0.0, text=Add, input-type=0, ime-target=false, has-links=false}
|
+------&gt;ListView{id=2130903050, res-name=ListsListView, visibility=VISIBLE, width=720, height=378, has-focus=false, has-focusable=true, has-window-focus=true, is-clickable=true, is-enabled=true, is-focused=false, is-focusable=true, is-layout-requested=false, is-selected=false, layout-params=android.widget.LinearLayout$LayoutParams&#64;abdf50a, tag=null, root-is-layout-requested=false, has-input-connection=false, x=0.0, y=72.0, child-count=5}
|
+-------&gt;LinearLayout{id=-1, visibility=VISIBLE, width=720, height=74, has-focus=false, has-focusable=false, has-window-focus=true, is-clickable=false, is-enabled=true, is-focused=false, is-focusable=false, is-layout-requested=false, is-selected=false, layout-params=android.widget.AbsListView$LayoutParams&#64;527bff1, tag=null, root-is-layout-requested=false, has-input-connection=false, x=0.0, y=0.0, child-count=2} ****MATCHES****
|
+--------&gt;TextView{id=2130903060, res-name=text1, desc=Name, visibility=VISIBLE, width=643, height=44, has-focus=false, has-focusable=false, has-window-focus=true, is-clickable=false, is-enabled=true, is-focused=false, is-focusable=false, is-layout-requested=false, is-selected=false, layout-params=android.widget.LinearLayout$LayoutParams&#64;3ce57d6, tag=null, root-is-layout-requested=false, has-input-connection=false, x=15.0, y=15.0, text=List, input-type=0, ime-target=false, has-links=false}
|
+--------&gt;TextView{id=2130903061, res-name=text2, desc=text2, visibility=VISIBLE, width=62, height=37, has-focus=false, has-focusable=false, has-window-focus=true, is-clickable=false, is-enabled=true, is-focused=false, is-focusable=false, is-layout-requested=false, is-selected=false, layout-params=android.widget.LinearLayout$LayoutParams&#64;322ca57, tag=null, root-is-layout-requested=false, has-input-connection=false, x=658.0, y=19.0, text=(0/0), input-type=0, ime-target=false, has-links=false}
|
+-------&gt;LinearLayout{id=-1, visibility=VISIBLE, width=720, height=74, has-focus=false, has-focusable=false, has-window-focus=true, is-clickable=false, is-enabled=true, is-focused=false, is-focusable=false, is-layout-requested=false, is-selected=false, layout-params=android.widget.AbsListView$LayoutParams&#64;7b01b62, tag=null, root-is-layout-requested=false, has-input-connection=false, x=0.0, y=76.0, child-count=2} ****MATCHES****
|
+--------&gt;TextView{id=2130903060, res-name=text1, desc=Name, visibility=VISIBLE, width=643, height=44, has-focus=false, has-focusable=false, has-window-focus=true, is-clickable=false, is-enabled=true, is-focused=false, is-focusable=false, is-layout-requested=false, is-selected=false, layout-params=android.widget.LinearLayout$LayoutParams&#64;e1fb4f3, tag=null, root-is-layout-requested=false, has-input-connection=false, x=15.0, y=15.0, text=List, input-type=0, ime-target=false, has-links=false}
|
+--------&gt;TextView{id=2130903061, res-name=text2, desc=text2, visibility=VISIBLE, width=62, height=37, has-focus=false, has-focusable=false, has-window-focus=true, is-clickable=false, is-enabled=true, is-focused=false, is-focusable=false, is-layout-requested=false, is-selected=false, layout-params=android.widget.LinearLayout$LayoutParams&#64;39445b0, tag=null, root-is-layout-requested=false, has-input-connection=false, x=658.0, y=19.0, text=(0/0), input-type=0, ime-target=false, has-links=false}
|
+-------&gt;LinearLayout{id=-1, visibility=VISIBLE, width=720, height=74, has-focus=false, has-focusable=false, has-window-focus=true, is-clickable=false, is-enabled=true, is-focused=false, is-focusable=false, is-layout-requested=false, is-selected=false, layout-params=android.widget.AbsListView$LayoutParams&#64;8f6ad4f, tag=null, root-is-layout-requested=false, has-input-connection=false, x=0.0, y=152.0, child-count=2} ****MATCHES****
|
+--------&gt;TextView{id=2130903060, res-name=text1, desc=Name, visibility=VISIBLE, width=643, height=44, has-focus=false, has-focusable=false, has-window-focus=true, is-clickable=false, is-enabled=true, is-focused=false, is-focusable=false, is-layout-requested=false, is-selected=false, layout-params=android.widget.LinearLayout$LayoutParams&#64;3f00cdc, tag=null, root-is-layout-requested=false, has-input-connection=false, x=15.0, y=15.0, text=List, input-type=0, ime-target=false, has-links=false}
|
+--------&gt;TextView{id=2130903061, res-name=text2, desc=text2, visibility=VISIBLE, width=62, height=37, has-focus=false, has-focusable=false, has-window-focus=true, is-clickable=false, is-enabled=true, is-focused=false, is-focusable=false, is-layout-requested=false, is-selected=false, layout-params=android.widget.LinearLayout$LayoutParams&#64;f48b1e5, tag=null, root-is-layout-requested=false, has-input-connection=false, x=658.0, y=19.0, text=(0/0), input-type=0, ime-target=false, has-links=false}
|
+-------&gt;LinearLayout{id=-1, visibility=VISIBLE, width=720, height=74, has-focus=false, has-focusable=false, has-window-focus=true, is-clickable=false, is-enabled=true, is-focused=false, is-focusable=false, is-layout-requested=false, is-selected=false, layout-params=android.widget.AbsListView$LayoutParams&#64;4df1ac8, tag=null, root-is-layout-requested=false, has-input-connection=false, x=0.0, y=228.0, child-count=2} ****MATCHES****
|
+--------&gt;TextView{id=2130903060, res-name=text1, desc=Name, visibility=VISIBLE, width=643, height=44, has-focus=false, has-focusable=false, has-window-focus=true, is-clickable=false, is-enabled=true, is-focused=false, is-focusable=false, is-layout-requested=false, is-selected=false, layout-params=android.widget.LinearLayout$LayoutParams&#64;bd78761, tag=null, root-is-layout-requested=false, has-input-connection=false, x=15.0, y=15.0, text=List1, input-type=0, ime-target=false, has-links=false}
|
+--------&gt;TextView{id=2130903061, res-name=text2, desc=text2, visibility=VISIBLE, width=62, height=37, has-focus=false, has-focusable=false, has-window-focus=true, is-clickable=false, is-enabled=true, is-focused=false, is-focusable=false, is-layout-requested=false, is-selected=false, layout-params=android.widget.LinearLayout$LayoutParams&#64;c0a6286, tag=null, root-is-layout-requested=false, has-input-connection=false, x=658.0, y=19.0, text=(0/0), input-type=0, ime-target=false, has-links=false}
|
+-------&gt;LinearLayout{id=-1, visibility=VISIBLE, width=720, height=74, has-focus=false, has-focusable=false, has-window-focus=true, is-clickable=false, is-enabled=true, is-focused=false, is-focusable=false, is-layout-requested=false, is-selected=false, layout-params=android.widget.AbsListView$LayoutParams&#64;624389d, tag=null, root-is-layout-requested=false, has-input-connection=false, x=0.0, y=304.0, child-count=2} ****MATCHES****
|
+--------&gt;TextView{id=2130903060, res-name=text1, desc=Name, visibility=VISIBLE, width=643, height=44, has-focus=false, has-focusable=false, has-window-focus=true, is-clickable=false, is-enabled=true, is-focused=false, is-focusable=false, is-layout-requested=false, is-selected=false, layout-params=android.widget.LinearLayout$LayoutParams&#64;d1a2112, tag=null, root-is-layout-requested=false, has-input-connection=false, x=15.0, y=15.0, text=List2, input-type=0, ime-target=false, has-links=false}
|
+--------&gt;TextView{id=2130903061, res-name=text2, desc=text2, visibility=VISIBLE, width=62, height=37, has-focus=false, has-focusable=false, has-window-focus=true, is-clickable=false, is-enabled=true, is-focused=false, is-focusable=false, is-layout-requested=false, is-selected=false, layout-params=android.widget.LinearLayout$LayoutParams&#64;1fc0e3, tag=null, root-is-layout-requested=false, has-input-connection=false, x=658.0, y=19.0, text=(0/0), input-type=0, ime-target=false, has-links=false}
|
+-----&gt;LinearLayout{id=2130903057, res-name=itemsView, visibility=GONE, width=0, height=0, has-focus=false, has-focusable=false, has-window-focus=true, is-clickable=false, is-enabled=true, is-focused=false, is-focusable=false, is-layout-requested=true, is-selected=false, layout-params=android.widget.FrameLayout$LayoutParams&#64;df53c5e, tag=null, root-is-layout-requested=false, has-input-connection=false, x=0.0, y=0.0, child-count=2}
|
+------&gt;LinearLayout{id=2130903048, res-name=LinearLayout01, visibility=VISIBLE, width=0, height=0, has-focus=false, has-focusable=true, has-window-focus=true, is-clickable=false, is-enabled=true, is-focused=false, is-focusable=false, is-layout-requested=true, is-selected=false, layout-params=android.widget.LinearLayout$LayoutParams&#64;7a2de55, tag=null, root-is-layout-requested=false, has-input-connection=false, x=0.0, y=0.0, child-count=2}
|
+-------&gt;EditText{id=2130903041, res-name=AddItemEditText, desc=addItemEditText, visibility=VISIBLE, width=0, height=0, has-focus=false, has-focusable=true, has-window-focus=true, is-clickable=true, is-enabled=true, is-focused=false, is-focusable=true, is-layout-requested=true, is-selected=false, layout-params=android.widget.LinearLayout$LayoutParams&#64;ad4c06a, tag=null, root-is-layout-requested=false, has-input-connection=true, editor-info=[inputType=0x31 imeOptions=0x8000006 privateImeOptions=null actionLabel=null actionId=0 initialSelStart=0 initialSelEnd=0 initialCapsMode=0x0 hintText=New Item Name label=null packageName=null fieldId=0 fieldName=null extras=null ], x=0.0, y=0.0, text=, hint=New Item Name, input-type=49, ime-target=false, has-links=false}
|
[...]
|
+-------&gt;LinearLayout{id=-1, visibility=VISIBLE, width=720, height=74, has-focus=false, has-focusable=false, has-window-focus=true, is-clickable=false, is-enabled=true, is-focused=false, is-focusable=false, is-layout-requested=false, is-selected=false, layout-params=android.widget.AbsListView$LayoutParams&#64;fca71d6, tag=null, root-is-layout-requested=false, has-input-connection=false, x=0.0, y=456.0, child-count=2} ****MATCHES****
|
+--------&gt;TextView{id=2130903060, res-name=text1, desc=Name, visibility=VISIBLE, width=643, height=44, has-focus=false, has-focusable=false, has-window-focus=true, is-clickable=false, is-enabled=true, is-focused=false, is-focusable=false, is-layout-requested=false, is-selected=false, layout-params=android.widget.LinearLayout$LayoutParams&#64;965dc57, tag=null, root-is-layout-requested=false, has-input-connection=false, x=15.0, y=15.0, text=List, input-type=0, ime-target=false, has-links=false}
|
+--------&gt;TextView{id=2130903061, res-name=text2, desc=text2, visibility=VISIBLE, width=62, height=37, has-focus=false, has-focusable=false, has-window-focus=true, is-clickable=false, is-enabled=true, is-focused=false, is-focusable=false, is-layout-requested=false, is-selected=false, layout-params=android.widget.LinearLayout$LayoutParams&#64;bcb8344, tag=null, root-is-layout-requested=false, has-input-connection=false, x=658.0, y=19.0, text=(0/0), input-type=0, ime-target=false, has-links=false}
|
+-------&gt;LinearLayout{id=-1, visibility=VISIBLE, width=720, height=74, has-focus=false, has-focusable=false, has-window-focus=true, is-clickable=false, is-enabled=true, is-focused=false, is-focusable=false, is-layout-requested=false, is-selected=false, layout-params=android.widget.AbsListView$LayoutParams&#64;a81e6f3, tag=null, root-is-layout-requested=false, has-input-connection=false, x=0.0, y=532.0, child-count=2} ****MATCHES****
|
+--------&gt;TextView{id=2130903060, res-name=text1, desc=Name, visibility=VISIBLE, width=643, height=44, has-focus=false, has-focusable=false, has-window-focus=true, is-clickable=false, is-enabled=true, is-focused=false, is-focusable=false, is-layout-requested=false, is-selected=false, layout-params=android.widget.LinearLayout$LayoutParams&#64;9f8fb0, tag=null, root-is-layout-requested=false, has-input-connection=false, x=15.0, y=15.0, text=List, input-type=0, ime-target=false, has-links=false}
|
+--------&gt;TextView{id=2130903061, res-name=text2, desc=text2, visibility=VISIBLE, width=62, height=37, has-focus=false, has-focusable=false, has-window-focus=true, is-clickable=false, is-enabled=true, is-focused=false, is-focusable=false, is-layout-requested=false, is-selected=false, layout-params=android.widget.LinearLayout$LayoutParams&#64;3d7fe29, tag=null, root-is-layout-requested=false, has-input-connection=false, x=658.0, y=19.0, text=(0/0), input-type=0, ime-target=false, has-links=false}
|
+-------&gt;LinearLayout{id=-1, visibility=VISIBLE, width=720, height=74, has-focus=false, has-focusable=false, has-window-focus=true, is-clickable=false, is-enabled=true, is-focused=false, is-focusable=false, is-layout-requested=false, is-selected=false, layout-params=android.widget.AbsListView$LayoutParams&#64;765f6dc, tag=null, root-is-layout-requested=false, has-input-connection=false, x=0.0, y=608.0, child-count=2} ****MATCHES****
|
+--------&gt;TextView{id=2130903060, res-name=text1, desc=Name, visibility=VISIBLE, width=643, height=44, has-focus=false, has-focusable=false, has-window-focus=true, is-clickable=false, is-enabled=true, is-focused=false, is-focusable=false, is-layout-requested=false, is-selected=false, layout-params=android.widget.LinearLayout$LayoutParams&#64;1c953e5, tag=null, root-is-layout-requested=false, has-input-connection=false, x=15.0, y=15.0, text=List, input-type=0, ime-target=false, has-links=false}
|
+--------&gt;TextView{id=2130903061, res-name=text2, desc=text2, visibility=VISIBLE, width=62, height=37, has-focus=false, has-focusable=false, has-window-focus=true, is-clickable=false, is-enabled=true, is-focused=false, is-focusable=false, is-layout-requested=false, is-selected=false, layout-params=android.widget.LinearLayout$LayoutParams&#64;266aeba, tag=null, root-is-layout-requested=false, has-input-connection=false, x=658.0, y=19.0, text=(0/0), input-type=0, ime-target=false, has-links=false}
|
+-------&gt;LinearLayout{id=-1, visibility=VISIBLE, width=720, height=74, has-focus=false, has-focusable=false, has-window-focus=true, is-clickable=false, is-enabled=true, is-focused=false, is-focusable=false, is-layout-requested=false, is-selected=false, layout-params=android.widget.AbsListView$LayoutParams&#64;2c04961, tag=null, root-is-layout-requested=false, has-input-connection=false, x=0.0, y=684.0, child-count=2} ****MATCHES****
|
+--------&gt;TextView{id=2130903060, res-name=text1, desc=Name, visibility=VISIBLE, width=643, height=44, has-focus=false, has-focusable=false, has-window-focus=true, is-clickable=false, is-enabled=true, is-focused=false, is-focusable=false, is-layout-requested=false, is-selected=false, layout-params=android.widget.LinearLayout$LayoutParams&#64;440fc86, tag=null, root-is-layout-requested=false, has-input-connection=false, x=15.0, y=15.0, text=List, input-type=0, ime-target=false, has-links=false}
|
+--------&gt;TextView{id=2130903061, res-name=text2, desc=text2, visibility=VISIBLE, width=62, height=37, has-focus=false, has-focusable=false, has-window-focus=true, is-clickable=false, is-enabled=true, is-focused=false, is-focusable=false, is-layout-requested=false, is-selected=false, layout-params=android.widget.LinearLayout$LayoutParams&#64;2408947, tag=null, root-is-layout-requested=false, has-input-connection=false, x=658.0, y=19.0, text=(0/1), input-type=0, ime-target=false, has-links=false}
|
+-------&gt;LinearLayout{id=-1, visibility=VISIBLE, width=720, height=74, has-focus=false, has-focusable=false, has-window-focus=true, is-clickable=false, is-enabled=true, is-focused=false, is-focusable=false, is-layout-requested=false, is-selected=false, layout-params=android.widget.AbsListView$LayoutParams&#64;b205b12, tag=null, root-is-layout-requested=false, has-input-connection=false, x=0.0, y=760.0, child-count=2} ****MATCHES****
|
+--------&gt;TextView{id=2130903060, res-name=text1, desc=Name, visibility=VISIBLE, width=643, height=44, has-focus=false, has-focusable=false, has-window-focus=true, is-clickable=false, is-enabled=true, is-focused=false, is-focusable=false, is-layout-requested=false, is-selected=false, layout-params=android.widget.LinearLayout$LayoutParams&#64;a7272e3, tag=null, root-is-layout-requested=false, has-input-connection=false, x=15.0, y=15.0, text=List, input-type=0, ime-target=false, has-links=false}
|
+--------&gt;TextView{id=2130903061, res-name=text2, desc=text2, visibility=VISIBLE, width=62, height=37, has-focus=false, has-focusable=false, has-window-focus=true, is-clickable=false, is-enabled=true, is-focused=false, is-focusable=false, is-layout-requested=false, is-selected=false, layout-params=android.widget.LinearLayout$LayoutParams&#64;4e44e0, tag=null, root-is-layout-requested=false, has-input-connection=false, x=658.0, y=19.0, text=(1/1), input-type=0, ime-target=false, has-links=false}
|
+-------&gt;LinearLayout{id=-1, visibility=VISIBLE, width=720, height=74, has-focus=false, has-focusable=false, has-window-focus=true, is-clickable=false, is-enabled=true, is-focused=false, is-focusable=false, is-layout-requested=false, is-selected=false, layout-params=android.widget.AbsListView$LayoutParams&#64;a4f5a3f, tag=null, root-is-layout-requested=false, has-input-connection=false, x=0.0, y=836.0, child-count=2} ****MATCHES****
|
+--------&gt;TextView{id=2130903060, res-name=text1, desc=Name, visibility=VISIBLE, width=643, height=44, has-focus=false, has-focusable=false, has-window-focus=true, is-clickable=false, is-enabled=true, is-focused=false, is-focusable=false, is-layout-requested=false, is-selected=false, layout-params=android.widget.LinearLayout$LayoutParams&#64;d02cf0c, tag=null, root-is-layout-requested=false, has-input-connection=false, x=15.0, y=15.0, text=List, input-type=0, ime-target=false, has-links=false}
|
+--------&gt;TextView{id=2130903061, res-name=text2, desc=text2, visibility=VISIBLE, width=62, height=37, has-focus=false, has-focusable=false, has-window-focus=true, is-clickable=false, is-enabled=true, is-focused=false, is-focusable=false, is-layout-requested=false, is-selected=false, layout-params=android.widget.LinearLayout$LayoutParams&#64;4900055, tag=null, root-is-layout-requested=false, has-input-connection=false, x=658.0, y=19.0, text=(3/3), input-type=0, ime-target=false, has-links=false}
|
+-------&gt;LinearLayout{id=-1, visibility=VISIBLE, width=720, height=74, has-focus=false, has-focusable=false, has-window-focus=true, is-clickable=false, is-enabled=true, is-focused=false, is-focusable=false, is-layout-requested=false, is-selected=false, layout-params=android.widget.AbsListView$LayoutParams&#64;a93cff8, tag=null, root-is-layout-requested=false, has-input-connection=false, x=0.0, y=912.0, child-count=2} ****MATCHES****
|
+--------&gt;TextView{id=2130903060, res-name=text1, desc=Name, visibility=VISIBLE, width=643, height=44, has-focus=false, has-focusable=false, has-window-focus=true, is-clickable=false, is-enabled=true, is-focused=false, is-focusable=false, is-layout-requested=false, is-selected=false, layout-params=android.widget.LinearLayout$LayoutParams&#64;c1d4cd1, tag=null, root-is-layout-requested=false, has-input-connection=false, x=15.0, y=15.0, text=List, input-type=0, ime-target=false, has-links=false}
|
+--------&gt;TextView{id=2130903061, res-name=text2, desc=text2, visibility=VISIBLE, width=62, height=37, has-focus=false, has-focusable=false, has-window-focus=true, is-clickable=false, is-enabled=true, is-focused=false, is-focusable=false, is-layout-requested=false, is-selected=false, layout-params=android.widget.LinearLayout$LayoutParams&#64;879336, tag=null, root-is-layout-requested=false, has-input-connection=false, x=658.0, y=19.0, text=(0/0), input-type=0, ime-target=false, has-links=false}
|
+-------&gt;LinearLayout{id=-1, visibility=VISIBLE, width=720, height=74, has-focus=false, has-focusable=false, has-window-focus=true, is-clickable=false, is-enabled=true, is-focused=false, is-focusable=false, is-layout-requested=false, is-selected=false, layout-params=android.widget.AbsListView$LayoutParams&#64;858e50d, tag=null, root-is-layout-requested=false, has-input-connection=false, x=0.0, y=988.0, child-count=2} ****MATCHES****
|
+--------&gt;TextView{id=2130903060, res-name=text1, desc=Name, visibility=VISIBLE, width=643, height=44, has-focus=false, has-focusable=false, has-window-focus=true, is-clickable=false, is-enabled=true, is-focused=false, is-focusable=false, is-layout-requested=false, is-selected=false, layout-params=android.widget.LinearLayout$LayoutParams&#64;8b1acc2, tag=null, root-is-layout-requested=false, has-input-connection=false, x=15.0, y=15.0, text=List, input-type=0, ime-target=false, has-links=false}
|
+--------&gt;TextView{id=2130903061, res-name=text2, desc=text2, visibility=VISIBLE, width=62, height=37, has-focus=false, has-focusable=false, has-window-focus=true, is-clickable=false, is-enabled=true, is-focused=false, is-focusable=false, is-layout-requested=false, is-selected=false, layout-params=android.widget.LinearLayout$LayoutParams&#64;655dad3, tag=null, root-is-layout-requested=false, has-input-connection=false, x=658.0, y=19.0, text=(0/1), input-type=0, ime-target=false, has-links=false}
|
+-----&gt;LinearLayout{id=2130903057, res-name=itemsView, visibility=GONE, width=0, height=0, has-focus=false, has-focusable=false, has-window-focus=true, is-clickable=false, is-enabled=true, is-focused=false, is-focusable=false, is-layout-requested=true, is-selected=false, layout-params=android.widget.FrameLayout$LayoutParams&#64;771d30e, tag=null, root-is-layout-requested=false, has-input-connection=false, x=0.0, y=0.0, child-count=2}
|
+------&gt;LinearLayout{id=2130903048, res-name=LinearLayout01, visibility=VISIBLE, width=0, height=0, has-focus=false, has-focusable=true, has-window-focus=true, is-clickable=false, is-enabled=true, is-focused=false, is-focusable=false, is-layout-requested=true, is-selected=false, layout-params=android.widget.LinearLayout$LayoutParams&#64;f52a8c5, tag=null, root-is-layout-requested=false, has-input-connection=false, x=0.0, y=0.0, child-count=2}
|
+-------&gt;EditText{id=2130903041, res-name=AddItemEditText, desc=addItemEditText, visibility=VISIBLE, width=0, height=0, has-focus=false, has-focusable=true, has-window-focus=true, is-clickable=true, is-enabled=true, is-focused=false, is-focusable=true, is-layout-requested=true, is-selected=false, layout-params=android.widget.LinearLayout$LayoutParams&#64;2fc121a, tag=null, root-is-layout-requested=false, has-input-connection=true, editor-info=[inputType=0x31 imeOptions=0x8000006 privateImeOptions=null actionLabel=null actionId=0 initialSelStart=0 initialSelEnd=0 initialCapsMode=0x0 hintText=New Item Name label=null packageName=null fieldId=0 fieldName=null extras=null ], x=0.0, y=0.0, text=, hint=New Item Name, input-type=49, ime-target=false, has-links=false}
|
+-------&gt;Button{id=2130903040, res-name=AddItemButton, desc=Add, visibility=VISIBLE, width=0, height=0, has-focus=false, has-focusable=true, has-window-focus=true, is-clickable=true, is-enabled=true, is-focused=false, is-focusable=true, is-layout-requested=true, is-selected=false, layout-params=android.widget.LinearLayout$LayoutParams&#64;cf3d14b, tag=null, root-is-layout-requested=false, has-input-connection=false, x=0.0, y=0.0, text=Add, input-type=0, ime-target=false, has-links=false}
|
+------&gt;ListView{id=2130903047, res-name=ItemsListView, visibility=VISIBLE, width=0, height=0, has-focus=false, has-focusable=false, has-window-focus=true, is-clickable=true, is-enabled=true, is-focused=false, is-focusable=false, is-layout-requested=true, is-selected=false, layout-params=android.widget.LinearLayout$LayoutParams&#64;8972728, tag=null, root-is-layout-requested=false, has-input-connection=false, x=0.0, y=0.0, child-count=0}
|
+--&gt;ActionBarContainer{id=16909231, res-name=action_bar_container, visibility=VISIBLE, width=720, height=84, has-focus=false, has-focusable=false, has-window-focus=true, is-clickable=false, is-enabled=true, is-focused=false, is-focusable=false, is-layout-requested=false, is-selected=false, layout-params=com.android.internal.widget.ActionBarOverlayLayout$LayoutParams&#64;92c3727, tag=null, root-is-layout-requested=false, has-input-connection=false, x=0.0, y=36.0, child-count=2}
|
+---&gt;Toolbar{id=16909232, res-name=action_bar, visibility=VISIBLE, width=720, height=84, has-focus=false, has-focusable=false, has-window-focus=true, is-clickable=false, is-enabled=true, is-focused=false, is-focusable=false, is-layout-requested=false, is-selected=false, layout-params=android.widget.FrameLayout$LayoutParams&#64;9d2ca72, tag=null, root-is-layout-requested=false, has-input-connection=false, x=0.0, y=0.0, child-count=2}
|
+----&gt;TextView{id=-1, visibility=VISIBLE, width=136, height=41, has-focus=false, has-focusable=false, has-window-focus=true, is-clickable=false, is-enabled=true, is-focused=false, is-focusable=false, is-layout-requested=false, is-selected=false, layout-params=android.widget.Toolbar$LayoutParams&#64;e9b1ec3, tag=null, root-is-layout-requested=false, has-input-connection=false, x=24.0, y=21.0, text=Simply Do, input-type=0, ime-target=false, has-links=false}
|
+----&gt;ActionMenuView{id=-1, visibility=VISIBLE, width=60, height=84, has-focus=false, has-focusable=false, has-window-focus=true, is-clickable=false, is-enabled=true, is-focused=false, is-focusable=false, is-layout-requested=false, is-selected=false, layout-params=android.widget.Toolbar$LayoutParams&#64;f630279, tag=null, root-is-layout-requested=false, has-input-connection=false, x=660.0, y=0.0, child-count=1}
|
+-----&gt;OverflowMenuButton{id=-1, desc=More options, visibility=VISIBLE, width=60, height=72, has-focus=false, has-focusable=false, has-window-focus=true, is-clickable=true, is-enabled=true, is-focused=false, is-focusable=true, is-layout-requested=false, is-selected=false, layout-params=android.widget.ActionMenuView$LayoutParams&#64;a7f1bbe, tag=null, root-is-layout-requested=false, has-input-connection=false, x=0.0, y=6.0}
|
+---&gt;ActionBarContextView{id=16909233, res-name=action_context_bar, visibility=GONE, width=0, height=0, has-focus=false, has-focusable=false, has-window-focus=true, is-clickable=false, is-enabled=true, is-focused=false, is-focusable=false, is-layout-requested=true, is-selected=false, layout-params=android.widget.FrameLayout$LayoutParams&#64;586e41f, tag=null, root-is-layout-requested=false, has-input-connection=false, x=0.0, y=0.0, child-count=0}
|
+-&gt;View{id=16908336, res-name=navigationBarBackground, visibility=VISIBLE, width=720, height=72, has-focus=false, has-focusable=false, has-window-focus=true, is-clickable=false, is-enabled=true, is-focused=false, is-focusable=false, is-layout-requested=false, is-selected=false, layout-params=android.widget.FrameLayout$LayoutParams&#64;2eac36c, tag=null, root-is-layout-requested=false, has-input-connection=false, x=0.0, y=1208.0}
|
+-&gt;View{id=16908335, res-name=statusBarBackground, visibility=VISIBLE, width=720, height=36, has-focus=false, has-focusable=false, has-window-focus=true, is-clickable=false, is-enabled=true, is-focused=false, is-focusable=false, is-layout-requested=false, is-selected=false, layout-params=android.widget.FrameLayout$LayoutParams&#64;7084d35, tag=null, root-is-layout-requested=false, has-input-connection=false, x=0.0, y=0.0}
|
at dalvik.system.VMStack.getThreadStackTrace(Native Method)
at java.lang.Thread.getStackTrace(Thread.java:580)
at android.support.test.espresso.base.DefaultFailureHandler.getUserFriendlyError(DefaultFailureHandler.java:88)
at android.support.test.espresso.base.DefaultFailureHandler.handle(DefaultFailureHandler.java:51)
at android.support.test.espresso.ViewInteraction.waitForAndHandleInteractionResults(ViewInteraction.java:312)
at android.support.test.espresso.ViewInteraction.desugaredPerform(ViewInteraction.java:173)
at android.support.test.espresso.ViewInteraction.perform(ViewInteraction.java:114)
at kdk.android.simplydo.C6.SortItemsC6.sortItemsC6(SortItemsC6.java:50)
at java.lang.reflect.Method.invoke(Native Method)
at org.junit.runners.model.FrameworkMethod$1.runReflectiveCall(FrameworkMethod.java:50)
at org.junit.internal.runners.model.ReflectiveCallable.run(ReflectiveCallable.java:12)
at org.junit.runners.model.FrameworkMethod.invokeExplosively(FrameworkMethod.java:47)
at org.junit.internal.runners.statements.InvokeMethod.evaluate(InvokeMethod.java:17)
at android.support.test.rule.ActivityTestRule$ActivityStatement.evaluate(ActivityTestRule.java:527)
at org.junit.rules.RunRules.evaluate(RunRules.java:20)
at org.junit.runners.ParentRunner.runLeaf(ParentRunner.java:325)
at org.junit.runners.BlockJUnit4ClassRunner.runChild(BlockJUnit4ClassRunner.java:78)
at org.junit.runners.BlockJUnit4ClassRunner.
</failure>
  </testcase>
  <testcase name="addItemDefault" classname="kdk.android.simplydo.Default.AddItemDefault" time="1.798" />
  <testcase name="changeSettingsDefault" classname="kdk.android.simplydo.Default.ChangeSettingsDefault" time="4.203" />
  <testcase name="checkItemDefault" classname="kdk.android.simplydo.Default.CheckItemDefault" time="2.232" />
  <testcase name="createListsDefault" classname="kdk.android.simplydo.Default.CreateListsDefault" time="1.129" />
  <testcase name="sortItemsDefault" classname="kdk.android.simplydo.Default.SortItemsDefault" time="5.105" />
</testsuite>